#
# A fatal error has been detected by the Java Runtime Environment:
#
#  Internal Error (jvmciRuntime.cpp:1609), pid=24, tid=42
#  fatal error: Fatal exception in JVMCI: Error calling jdk.vm.ci.services.Services.serializeSavedProperties
#
# JRE version: OpenJDK Runtime Environment GraalVM CE 22.3.0 (17.0.5+8) (build 17.0.5+8-jvmci-22.3-b08)
# Java VM: OpenJDK 64-Bit Server VM GraalVM CE 22.3.0 (17.0.5+8-jvmci-22.3-b08, mixed mode, sharing, tiered, jvmci, jvmci compiler, compressed oops, compressed class ptrs, parallel gc, linux-amd64)
# Problematic frame:
# V  [libjvm.so+0x972714]  JVMCIRuntime::fatal_exception(JVMCIEnv*, char const*)+0x74
#
# Core dump will be written. Default location: Core dumps may be processed with "/usr/share/apport/apport -p%p -s%s -c%c -d%d -P%P -u%u -g%g -- %E" (or dumping to /home/runner/pep-revision-2023/core.24)
#
# If you would like to submit a bug report, please visit:
#   https://github.com/oracle/graal/issues
#

---------------  S U M M A R Y ------------

Command Line: -XX:ThreadPriorityPolicy=1 -XX:+UnlockExperimentalVMOptions -XX:+EnableJVMCIProduct -XX:JVMCIThreadsPerNativeLibraryRuntime=1 -XX:-UnlockExperimentalVMOptions -Declipse.application=org.eclipse.jdt.ls.core.id1 -Dosgi.bundles.defaultStartLevel=4 -Declipse.product=org.eclipse.jdt.ls.core.product -Dlog.level=ALL -Xverify:none -XX:+UseParallelGC -XX:GCTimeRatio=4 -XX:AdaptiveSizePolicyWeight=90 -Dsun.zip.disableMemoryMapping=true -Xmx512m -Xms100m /nix/store/m6gcpi1ii6rghy04cjwjddcavv7i90df-jdt-language-server-1.9.0/share/java/plugins/org.eclipse.equinox.launcher_1.6.400.v20210924-0641.jar --add-modules=ALL-SYSTEM --add-opens java.base/java.util=ALL-UNNAMED --add-opens java.base/java.lang=ALL-UNNAMED -configuration /home/runner/.cache/jdt-language-server/config -data /home/runner/.cache/jdt-language-server/data/home/runner/pep-revision-2023

Host: AMD EPYC 7B13, 4 cores, 1G, Ubuntu 20.04.2 LTS
Time: Fri Mar  3 10:32:52 2023 UTC elapsed time: 705.769467 seconds (0d 0h 11m 45s)

---------------  T H R E A D  ---------------

Current thread (0x00007faea00b2210):  JavaThread "JVMCI-native CompilerThread0" daemon [_thread_in_vm, id=42, stack(0x00007fae8661a000,0x00007fae8681a000)]


Current CompileTask:
JVMCI-native: 705769 7168       4       java.util.AbstractCollection::isEmpty (13 bytes)

Stack: [0x00007fae8661a000,0x00007fae8681a000],  sp=0x00007fae86818380,  free space=2040k
Native frames: (J=compiled Java code, j=interpreted, Vv=VM code, C=native code)
V  [libjvm.so+0x972714]  JVMCIRuntime::fatal_exception(JVMCIEnv*, char const*)+0x74
V  [libjvm.so+0x93e2fe]  JVMCIEnv::copy_saved_properties()+0x14e
V  [libjvm.so+0x9732a9]  JVMCIRuntime::initialize(JVMCIEnv*)+0xb19
V  [libjvm.so+0x9738a2]  JVMCIRuntime::get_HotSpotJVMCIRuntime(JVMCIEnv*)+0x12
V  [libjvm.so+0x9749f2]  JVMCIRuntime::compile_method(JVMCIEnv*, JVMCICompiler*, methodHandle const&, int)+0xd2
V  [libjvm.so+0x5b0d20]  CompileBroker::invoke_compiler_on_method(CompileTask*)+0x1470
V  [libjvm.so+0x5b12e8]  CompileBroker::compiler_thread_loop()+0x528
V  [libjvm.so+0xd82460]  JavaThread::thread_main_inner()+0xd0
V  [libjvm.so+0xd85a40]  Thread::call_run()+0xc0
V  [libjvm.so+0xbdb1e1]  thread_native_entry(Thread*)+0xe1

Register to memory mapping:

RAX=0x00007faea62c9000 points into unknown readable memory: 0x0000000000000058 | 58 00 00 00 00 00 00 00
RBX=0x00007faea73c4398: <offset 0x0000000000ef5398> in /nix/store/gpxl5qgg8kicmcvivwmybwjlpf7wh20l-graalvm17-ce-22.3.0/lib/server/libjvm.so at 0x00007faea64cf000
RCX=0x00007faea737c1e8: <offset 0x0000000000ead1e8> in /nix/store/gpxl5qgg8kicmcvivwmybwjlpf7wh20l-graalvm17-ce-22.3.0/lib/server/libjvm.so at 0x00007faea64cf000
RDX=0x0000000000000649 is an unknown value
RSP=0x00007fae86818380 is pointing into the stack for thread: 0x00007faea00b2210
RBP=0x00007fae868183a0 is pointing into the stack for thread: 0x00007faea00b2210
RSI=0x00007faea73c4c48: <offset 0x0000000000ef5c48> in /nix/store/gpxl5qgg8kicmcvivwmybwjlpf7wh20l-graalvm17-ce-22.3.0/lib/server/libjvm.so at 0x00007faea64cf000
RDI=0x00000000e0000000 is an oop: [B 
{0x00000000e0000000} - klass: {type array byte}
 - length: 13
R8 =0x00007faea73c4398: <offset 0x0000000000ef5398> in /nix/store/gpxl5qgg8kicmcvivwmybwjlpf7wh20l-graalvm17-ce-22.3.0/lib/server/libjvm.so at 0x00007faea64cf000
R9 =0x00007fae86818330 is pointing into the stack for thread: 0x00007faea00b2210
R10=0x00007fae86819948 is pointing into the stack for thread: 0x00007faea00b2210
R11=0x0000000000000293 is an unknown value
R12=0x0 is NULL
R13=0x00007faea00b2210 is a thread
R14=0x00007faea0000b80 points into unknown readable memory: 0x00007faea75f5a38 | 38 5a 5f a7 ae 7f 00 00
R15=0x00007faea7703e40: <offset 0x0000000001234e40> in /nix/store/gpxl5qgg8kicmcvivwmybwjlpf7wh20l-graalvm17-ce-22.3.0/lib/server/libjvm.so at 0x00007faea64cf000


Registers:
RAX=0x00007faea62c9000, RBX=0x00007faea73c4398, RCX=0x00007faea737c1e8, RDX=0x0000000000000649
RSP=0x00007fae86818380, RBP=0x00007fae868183a0, RSI=0x00007faea73c4c48, RDI=0x00000000e0000000
R8 =0x00007faea73c4398, R9 =0x00007fae86818330, R10=0x00007fae86819948, R11=0x0000000000000293
R12=0x0000000000000000, R13=0x00007faea00b2210, R14=0x00007faea0000b80, R15=0x00007faea7703e40
RIP=0x00007faea6e41714, EFLAGS=0x0000000000010206, CSGSFS=0x002b000000000033, ERR=0x0000000000000006
  TRAPNO=0x000000000000000e

Top of Stack: (sp=0x00007fae86818380)
0x00007fae86818380:   00007fae86818940 00007faea00b2210
0x00007fae86818390:   00007faea4c5a8c8 0000000800c417a0
0x00007fae868183a0:   00007fae86818500 00007faea6e0d2fe
0x00007fae868183b0:   00007fae868183e0 00007fae86818440 

Instructions: (pc=0x00007faea6e41714)
0x00007faea6e41614:   30 e8 f6 cf e8 ff 4c 89 e7 e8 2e 48 d1 ff 84 db
0x00007faea6e41624:   75 2a 4d 85 ed 74 04 4d 8b 6d 00 48 83 c4 08 44
0x00007faea6e41634:   89 f9 4c 89 f2 4c 89 ee 5b 4c 89 e7 41 5c 41 5d
0x00007faea6e41644:   41 5e 41 5f 5d e9 e2 47 d1 ff 66 90 48 83 c4 08
0x00007faea6e41654:   5b 41 5c 41 5d 41 5e 41 5f 5d c3 90 31 d2 be 08
0x00007faea6e41664:   00 00 00 4c 89 ff e8 b1 78 a3 ff 49 89 c5 e9 37
0x00007faea6e41674:   ff ff ff 66 0f 1f 84 00 00 00 00 00 48 8b 7a 08
0x00007faea6e41684:   e9 6d ff ff ff 0f 1f 80 00 00 00 00 e8 5b 48 0a
0x00007faea6e41694:   00 84 c0 75 89 e9 6a ff ff ff 66 90 55 48 89 e5
0x00007faea6e416a4:   41 56 41 55 41 54 49 89 fc 53 48 89 f3 66 48 8d
0x00007faea6e416b4:   3d 27 5e 85 00 66 66 48 e8 df 43 8d ff 4c 8b 28
0x00007faea6e416c4:   8b 05 be 72 8a 00 85 c0 75 14 ba 01 00 00 00 48
0x00007faea6e416d4:   8d 0d ae 72 8a 00 f0 0f b1 11 85 c0 74 4e be c8
0x00007faea6e416e4:   00 00 00 4c 89 ef e8 01 0b 41 00 48 8d 05 12 ac
0x00007faea6e416f4:   85 00 49 89 d8 48 8d 0d e8 aa 53 00 ba 49 06 00
0x00007faea6e41704:   00 48 8d 35 3c 35 58 00 bf 00 00 00 e0 48 8b 00
0x00007faea6e41714:   c6 00 58 31 c0 e8 e2 91 c6 ff 5b 41 5c 41 5d 41
0x00007faea6e41724:   5e 5d e9 55 34 26 00 0f 1f 44 00 00 48 8d 05 81
0x00007faea6e41734:   a3 8b 00 48 89 df 4c 8b 30 e8 9e 43 8d ff 48 89
0x00007faea6e41744:   de 48 89 c2 49 8b 06 4c 89 f7 ff 50 08 4c 89 f7
0x00007faea6e41754:   e8 a7 5c 27 00 4d 85 e4 74 12 be 01 00 00 00 4c
0x00007faea6e41764:   89 e7 e8 35 43 fc ff eb 82 0f 1f 00 be 01 00 00
0x00007faea6e41774:   00 4c 89 ef e8 d3 fd ff ff e9 6d ff ff ff 66 66
0x00007faea6e41784:   2e 0f 1f 84 00 00 00 00 00 0f 1f 00 55 48 89 e5
0x00007faea6e41794:   41 57 41 56 41 55 41 54 53 48 81 ec 08 02 00 00
0x00007faea6e417a4:   64 48 8b 04 25 28 00 00 00 48 89 45 c8 8b 07 83
0x00007faea6e417b4:   f8 02 0f 84 11 04 00 00 4c 8b 6f 18 49 89 ff 49
0x00007faea6e417c4:   89 f4 4d 85 ed 74 14 4c 89 ef e8 5d 57 22 00 41
0x00007faea6e417d4:   8b 07 83 f8 02 0f 84 19 04 00 00 48 8d 1d 9a 06
0x00007faea6e417e4:   8a 00 4c 8d 35 0b 3c 58 00 eb 38 90 48 85 d2 7f
0x00007faea6e417f4:   0d 48 8d 05 b4 c0 85 00 48 83 38 00 7e 0e 41 8b
0x00007faea6e41804:   77 2c 4c 89 f7 31 c0 e8 a0 b2 f7 ff 49 8b 7f 18 


Stack slot to memory mapping:
stack at sp + 0 slots: 0x00007fae86818940 is pointing into the stack for thread: 0x00007faea00b2210
stack at sp + 1 slots: 0x00007faea00b2210 is a thread
stack at sp + 2 slots: 0x00007faea4c5a8c8 points into unknown readable memory: 0x6573001880c9ffff | ff ff c9 80 18 00 73 65
stack at sp + 3 slots: 0x0000000800c417a0 is a pointer to class: 
jdk.vm.ci.services.Services {0x0000000800c417a0}
 - instance size:     2
 - klass size:        65
 - access:            public final synchronized 
 - state:             fully_initialized
 - name:              'jdk/vm/ci/services/Services'
 - super:             'java/lang/Object'
 - sub:               
 - arrays:            NULL
 - methods:           Array<T>(0x00007fae86c447b0)
 - method ordering:   Array<T>(0x0000000800928960)
 - default_methods:   Array<T>(0x0000000000000000)
 - local interfaces:  Array<T>(0x00000008005ce810)
 - trans. interfaces: Array<T>(0x00000008005ce810)
 - constants:         constant pool [427] {0x00007fae86c43890} for 'jdk/vm/ci/services/Services' cache=0x00007fae86c45a80
 - class loader data:  loader data: 0x00007faea00283f0 of 'bootstrap'
 - source file:       'Services.java'
 - class annotations:       Array<T>(0x0000000000000000)
 - class type annotations:  Array<T>(0x0000000000000000)
 - field annotations:       Array<T>(0x0000000000000000)
 - field type annotations:  Array<T>(0x0000000000000000)
 - inner classes:     Array<T>(0x00007fae86c45a50)
 - nest members:     Array<T>(0x00007fae86c45a70)
 - permitted subclasses:     Array<T>(0x00000008005ce7a0)
 - java mirror:       a 'java/lang/Class'{0x00000000e017c3e0} = 'jdk/vm/ci/services/Services'
 - vtable length      5  (start addr: 0x0000000800c41970)
 - itable length      2 (start addr: 0x0000000800c41998)
 - ---- static fields (3 words):
 - public static final 'IS_BUILDING_NATIVE_IMAGE' 'Z' @128 
 - public static final 'IS_IN_NATIVE_IMAGE' 'Z' @129 
 - private static volatile 'savedProperties' 'Ljava/util/Map;' @112 
 - static final 'JVMCI_ENABLED' 'Z' @130 
 - private static final 'servicesCache' 'Ljava/util/Map;' @116 
 - private static final 'MAX_UNICODE_IN_UTF8_LENGTH' 'I' @120 
 - private static final 'MAX_UTF8_PROPERTY_STRING_LENGTH' 'I' @124 
 - ---- non-static fields (0 words):
 - non-static oop maps: 
stack at sp + 4 slots: 0x00007fae86818500 is pointing into the stack for thread: 0x00007faea00b2210
stack at sp + 5 slots: 0x00007faea6e0d2fe: <offset 0x000000000093e2fe> in /nix/store/gpxl5qgg8kicmcvivwmybwjlpf7wh20l-graalvm17-ce-22.3.0/lib/server/libjvm.so at 0x00007faea64cf000
stack at sp + 6 slots: 0x00007fae868183e0 is pointing into the stack for thread: 0x00007faea00b2210
stack at sp + 7 slots: 0x00007fae86818440 is pointing into the stack for thread: 0x00007faea00b2210


---------------  P R O C E S S  ---------------

Threads class SMR info:
_java_thread_list=0x00007fae6c0015f0, length=26, elements={
0x00007faea0026690, 0x00007faea00a64d0, 0x00007faea00a7910, 0x00007faea00ae080,
0x00007faea00af430, 0x00007faea00b0820, 0x00007faea00b2210, 0x00007faea00b3720,
0x00007faea00b4b70, 0x00007faea00d78b0, 0x00007faea011f030, 0x00007faea0302700,
0x00007faea0335ad0, 0x00007faea0338440, 0x00007faea05fd3e0, 0x00007fae340171c0,
0x00007fae342a10b0, 0x00007fae34304950, 0x00007fae3447e670, 0x00007fae345eeb10,
0x00007faea046e810, 0x00007faea03a7650, 0x00007fae34849a50, 0x00007fae381eca60,
0x00007fae280010d0, 0x00007fae44003700
}

Java Threads: ( => current thread )
  0x00007faea0026690 JavaThread "main" [_thread_blocked, id=31, stack(0x00007faea62ea000,0x00007faea63ea000)]
  0x00007faea00a64d0 JavaThread "Reference Handler" daemon [_thread_blocked, id=35, stack(0x00007faea4301000,0x00007faea4401000)]
  0x00007faea00a7910 JavaThread "Finalizer" daemon [_thread_blocked, id=36, stack(0x00007faea4201000,0x00007faea4301000)]
  0x00007faea00ae080 JavaThread "Signal Dispatcher" daemon [_thread_blocked, id=38, stack(0x00007faea4101000,0x00007faea4201000)]
  0x00007faea00af430 JavaThread "Service Thread" daemon [_thread_blocked, id=39, stack(0x00007faea4001000,0x00007faea4101000)]
  0x00007faea00b0820 JavaThread "Monitor Deflation Thread" daemon [_thread_blocked, id=41, stack(0x00007fae8681a000,0x00007fae8691a000)]
=>0x00007faea00b2210 JavaThread "JVMCI-native CompilerThread0" daemon [_thread_in_vm, id=42, stack(0x00007fae8661a000,0x00007fae8681a000)]
  0x00007faea00b3720 JavaThread "C1 CompilerThread0" daemon [_thread_blocked, id=43, stack(0x00007fae8641a000,0x00007fae8661a000)]
  0x00007faea00b4b70 JavaThread "Sweeper thread" daemon [_thread_blocked, id=44, stack(0x00007fae8631a000,0x00007fae8641a000)]
  0x00007faea00d78b0 JavaThread "Common-Cleaner" daemon [_thread_blocked, id=46, stack(0x00007fae8621a000,0x00007fae8631a000)]
  0x00007faea011f030 JavaThread "Notification Thread" daemon [_thread_blocked, id=47, stack(0x00007fae8611a000,0x00007fae8621a000)]
  0x00007faea0302700 JavaThread "Active Thread: Equinox Container: e7a4138a-1d2c-4fab-a058-98d3893c6344" [_thread_blocked, id=55, stack(0x00007fae84d00000,0x00007fae84e00000)]
  0x00007faea0335ad0 JavaThread "Framework Event Dispatcher: Equinox Container: e7a4138a-1d2c-4fab-a058-98d3893c6344" daemon [_thread_blocked, id=56, stack(0x00007fae84b00000,0x00007fae84c00000)]
  0x00007faea0338440 JavaThread "Start Level: Equinox Container: e7a4138a-1d2c-4fab-a058-98d3893c6344" daemon [_thread_blocked, id=57, stack(0x00007fae84900000,0x00007fae84a00000)]
  0x00007faea05fd3e0 JavaThread "Refresh Thread: Equinox Container: e7a4138a-1d2c-4fab-a058-98d3893c6344" daemon [_thread_blocked, id=62, stack(0x00007fae84700000,0x00007fae84800000)]
  0x00007fae340171c0 JavaThread "SCR Component Actor" daemon [_thread_blocked, id=63, stack(0x00007fae84500000,0x00007fae84600000)]
  0x00007fae342a10b0 JavaThread "Worker-JM" [_thread_blocked, id=69, stack(0x00007fae84100000,0x00007fae84200000)]
  0x00007fae34304950 JavaThread "Worker-0" [_thread_blocked, id=74, stack(0x00007fae4db00000,0x00007fae4dc00000)]
  0x00007fae3447e670 JavaThread "Java indexing" daemon [_thread_blocked, id=76, stack(0x00007fae4d700000,0x00007fae4d800000)]
  0x00007fae345eeb10 JavaThread "Bundle File Closer" daemon [_thread_blocked, id=77, stack(0x00007fae4d500000,0x00007fae4d600000)]
  0x00007faea046e810 JavaThread "pool-3-thread-1" [_thread_blocked, id=82, stack(0x00007fae4d300000,0x00007fae4d400000)]
  0x00007faea03a7650 JavaThread "pool-2-thread-1" [_thread_blocked, id=84, stack(0x00007fae4cf00000,0x00007fae4d000000)]
  0x00007fae34849a50 JavaThread "Worker-4" [_thread_blocked, id=86, stack(0x00007fae4cb00000,0x00007fae4cc00000)]
  0x00007fae381eca60 JavaThread "Thread-2" [_thread_blocked, id=123, stack(0x00007fae4c900000,0x00007fae4ca00000)]
  0x00007fae280010d0 JavaThread "Worker-5: Compacting resource model" [_thread_blocked, id=478, stack(0x00007fae4d100000,0x00007fae4d200000)]
  0x00007fae44003700 JavaThread "Worker-6: Periodic workspace save." [_thread_blocked, id=763, stack(0x00007fae4d900000,0x00007fae4da00000)]

Other Threads:
  0x00007faea00a1c10 VMThread "VM Thread" [stack: 0x00007faea4403000,0x00007faea4503000] [id=33] _threads_hazard_ptr=0x00007fae6c0015f0
  0x00007faea01209d0 WatcherThread [stack: 0x00007fae8601a000,0x00007fae8611a000] [id=48]
  0x00007faea003df30 GCTaskThread "GC Thread#0" [stack: 0x00007faea5ead000,0x00007faea5fad000] [id=32]

Threads with active compile tasks:
JVMCI-native CompilerThread0   705849 7168       4       java.util.AbstractCollection::isEmpty (13 bytes)

VM state: synchronizing (normal execution)

VM Mutex/Monitor currently owned by a thread:  ([mutex/lock_event])
[0x00007faea0023840] Threads_lock - owner thread: 0x00007faea00a1c10
[0x00007faea0023ff0] Heap_lock - owner thread: 0x00007fae3447e670

OutOfMemory and StackOverflow Exception counts:
OutOfMemoryError java_heap_errors=8
LinkageErrors=53

Heap address: 0x00000000e0000000, size: 512 MB, Compressed Oops mode: 32-bit

CDS archive(s) mapped at: [0x0000000800000000-0x0000000800bc8000-0x0000000800bc8000), size 12353536, SharedBaseAddress: 0x0000000800000000, ArchiveRelocationMode: 0.
Compressed class space mapped at: 0x0000000800c00000-0x0000000840c00000, reserved size: 1073741824
Narrow klass base: 0x0000000800000000, Narrow klass shift: 0, Narrow klass range: 0x100000000

GC Precious Log:
 CPUs: 4 total, 1 available
 Memory: 1024M
 Large Page Support: Disabled
 NUMA Support: Disabled
 Compressed Oops: Enabled (32-bit)
 Alignments: Space 512K, Generation 512K, Heap 2M
 Heap Min Capacity: 100M
 Heap Initial Capacity: 100M
 Heap Max Capacity: 512M
 Pre-touch: Disabled
 Parallel Workers: 1

Heap:
 PSYoungGen      total 41472K, used 26233K [0x00000000f5580000, 0x00000000fc200000, 0x0000000100000000)
  eden space 23040K, 99% used [0x00000000f5580000,0x00000000f6bffff8,0x00000000f6c00000)
  from space 18432K, 17% used [0x00000000f9680000,0x00000000f999e7f8,0x00000000fa880000)
  to   space 43520K, 0% used [0x00000000f6c00000,0x00000000f6c00000,0x00000000f9680000)
 ParOldGen       total 349696K, used 349694K [0x00000000e0000000, 0x00000000f5580000, 0x00000000f5580000)
  object space 349696K, 99% used [0x00000000e0000000,0x00000000f557f9f0,0x00000000f5580000)
 Metaspace       used 53698K, committed 54592K, reserved 1105920K
  class space    used 5364K, committed 5696K, reserved 1048576K

Card table byte_map: [0x00007faea5fad000,0x00007faea60ae000] _byte_map_base: 0x00007faea58ad000

Marking Bits: (ParMarkBitMap*) 0x00007faea76fd4c0
 Begin Bits: [0x00007faea4e00000, 0x00007faea5600000)
 End Bits:   [0x00007faea5600000, 0x00007faea5e00000)

Polling page: 0x00007faea62c7000

Metaspace:

Usage:
  Non-class:     47.20 MB used.
      Class:      5.24 MB used.
       Both:     52.44 MB used.

Virtual space:
  Non-class space:       56.00 MB reserved,      47.75 MB ( 85%) committed,  7 nodes.
      Class space:        1.00 GB reserved,       5.56 MB ( <1%) committed,  1 nodes.
             Both:        1.05 GB reserved,      53.31 MB (  5%) committed. 

Chunk freelists:
   Non-Class:  4.05 MB
       Class:  2.42 MB
        Both:  6.47 MB

MaxMetaspaceSize: unlimited
CompressedClassSpaceSize: 1.00 GB
Initial GC threshold: 21.00 MB
Current GC threshold: 88.69 MB
CDS: on
MetaspaceReclaimPolicy: balanced
 - commit_granule_bytes: 65536.
 - commit_granule_words: 8192.
 - virtual_space_node_default_size: 1048576.
 - enlarge_chunks_in_place: 1.
 - new_chunks_are_fully_committed: 0.
 - uncommit_free_chunks: 1.
 - use_allocation_guard: 0.
 - handle_deallocations: 1.


Internal statistics:

num_allocs_failed_limit: 8.
num_arena_births: 346.
num_arena_deaths: 66.
num_vsnodes_births: 8.
num_vsnodes_deaths: 0.
num_space_committed: 852.
num_space_uncommitted: 0.
num_chunks_returned_to_freelist: 91.
num_chunks_taken_from_freelist: 2310.
num_chunk_merges: 37.
num_chunk_splits: 1546.
num_chunks_enlarged: 1031.
num_purges: 10.
num_inconsistent_stats: 0.

CodeHeap 'non-profiled nmethods': size=120036Kb used=2226Kb max_used=2235Kb free=117810Kb
 bounds [0x00007fae8ef7a000, 0x00007fae8f1ea000, 0x00007fae964b3000]
CodeHeap 'profiled nmethods': size=120032Kb used=10871Kb max_used=13394Kb free=109160Kb
 bounds [0x00007fae87a42000, 0x00007fae88762000, 0x00007fae8ef7a000]
CodeHeap 'non-nmethods': size=5692Kb used=1379Kb max_used=1389Kb free=4312Kb
 bounds [0x00007fae874b3000, 0x00007fae87723000, 0x00007fae87a42000]
 total_blobs=6111 nmethods=5398 adapters=611
 compilation: enabled
              stopped_count=0, restarted_count=0
 full_count=0

JVMCI Events (20 events):
Event: 609.183 Thread 0x00007faea00b2210 destroyed JavaVM[7]@0x00007fae4c39e340 for JVMCI runtime 0
Event: 609.183 Thread 0x00007faea00b2210 compacted oop handles in JVMCI runtime 0 from 53 to 53
Event: 609.183 Thread 0x00007faea00b2210 releasing handles for JVMCI runtime 0: oop handles=53, metadata handles={total=96, live=90, blocks=32}
Event: 609.183 Thread 0x00007faea00b2210 detached from JVMCI runtime 0
Event: 638.845 Thread 0x00007faea00b2210 attached to JVMCI runtime 0
Event: 638.846 Thread 0x00007faea00b2210 created JavaVM[8]@0x00007fae4c39e340 for JVMCI runtime 0
Event: 638.846 Thread 0x00007faea00b2210 initializing JVMCI runtime 0
Event: 638.846 Thread 0x00007faea00b2210 done waiting for JavaVM references initialization in JVMCI runtime 0
Event: 664.750 Thread 0x00007faea00b2210 initialized JVMCI runtime 0
Event: 668.071 Thread 0x00007faea00b2210 detaching from JVMCI runtime 0: releasing idle compiler thread (0 other threads still attached)
Event: 668.071 Thread 0x00007faea00b2210 shutting down HotSpotJVMCIRuntime for JVMCI runtime 0
Event: 669.086 Thread 0x00007faea00b2210 shut down JVMCI runtime 0
Event: 670.079 Thread 0x00007faea00b2210 destroyed JavaVM[8]@0x00007fae4c39e340 for JVMCI runtime 0
Event: 670.079 Thread 0x00007faea00b2210 compacted oop handles in JVMCI runtime 0 from 46 to 46
Event: 670.079 Thread 0x00007faea00b2210 releasing handles for JVMCI runtime 0: oop handles=46, metadata handles={total=91, live=80, blocks=32}
Event: 670.080 Thread 0x00007faea00b2210 detached from JVMCI runtime 0
Event: 692.050 Thread 0x00007faea00b2210 attached to JVMCI runtime 0
Event: 692.051 Thread 0x00007faea00b2210 created JavaVM[9]@0x00007fae4c39e340 for JVMCI runtime 0
Event: 692.051 Thread 0x00007faea00b2210 initializing JVMCI runtime 0
Event: 692.051 Thread 0x00007faea00b2210 done waiting for JavaVM references initialization in JVMCI runtime 0

Compilation events (20 events):
Event: 541.703 Thread 0x00007faea00b3720 nmethod 7157 0x00007fae87a9e110 code [0x00007fae87a9e2e0, 0x00007fae87a9e6a0]
Event: 541.703 Thread 0x00007faea00b3720 7158       3       com.google.gson.stream.JsonWriter::close (95 bytes)
Event: 544.051 Thread 0x00007faea00b3720 nmethod 7158 0x00007fae87a83f90 code [0x00007fae87a84220, 0x00007fae87a84d10]
Event: 587.062 Thread 0x00007faea00b2210 7159       4       jdk.internal.jimage.ImageLocation::readValue (61 bytes)
Event: 607.979 Thread 0x00007faea00b2210 nmethod 7159 0x00007fae8f048990 code [0x00007fae8f048b00, 0x00007fae8f048c88]
Event: 627.658 Thread 0x00007faea00b3720 7161       3       java.io.FileDescriptor$1::get (5 bytes)
Event: 627.658 Thread 0x00007faea00b3720 nmethod 7161 0x00007fae87bdd010 code [0x00007fae87bdd1a0, 0x00007fae87bdd2b0]
Event: 627.658 Thread 0x00007faea00b3720 7162       3       java.io.FileDescriptor$1::getHandle (5 bytes)
Event: 627.658 Thread 0x00007faea00b3720 nmethod 7162 0x00007fae87c7b610 code [0x00007fae87c7b7a0, 0x00007fae87c7b8b0]
Event: 632.260 Thread 0x00007faea00b3720 7163       3       java.io.FileCleanable::<init> (18 bytes)
Event: 632.261 Thread 0x00007faea00b3720 nmethod 7163 0x00007fae87aedd10 code [0x00007fae87aedec0, 0x00007fae87aee020]
Event: 632.261 Thread 0x00007faea00b3720 7164  s    3       java.io.FileDescriptor::registerCleanup (27 bytes)
Event: 632.261 Thread 0x00007faea00b3720 nmethod 7164 0x00007fae87d4c490 code [0x00007fae87d4c660, 0x00007fae87d4cc10]
Event: 638.845 Thread 0x00007faea00b2210 7165       4       java.lang.invoke.Invokers$Holder::linkToTargetMethod (8 bytes)
Event: 664.750 Thread 0x00007faea00b3720 7167       3       jdk.internal.reflect.ClassFileAssembler::emitConstantPoolNameAndType (28 bytes)
Event: 664.751 Thread 0x00007faea00b3720 nmethod 7167 0x00007fae87a5b990 code [0x00007fae87a5bbc0, 0x00007fae87a5c220]
Event: 665.788 Thread 0x00007faea00b2210 nmethod 7165 0x00007fae8f130110 code [0x00007fae8f1302a0, 0x00007fae8f130350]
Event: 665.788 Thread 0x00007faea00b2210 7166       4       java.lang.invoke.LambdaForm$MH/0x0000000800c00400::invoke (8 bytes)
Event: 666.888 Thread 0x00007faea00b2210 nmethod 7166 0x00007fae8f0a4910 code [0x00007fae8f0a4a80, 0x00007fae8f0a4b30]
Event: 692.050 Thread 0x00007faea00b2210 7168       4       java.util.AbstractCollection::isEmpty (13 bytes)

GC Heap History (20 events):
Event: 694.991 GC heap before
{Heap before GC invocations=735 (full 616):
 PSYoungGen      total 41472K, used 26233K [0x00000000f5580000, 0x00000000fc200000, 0x0000000100000000)
  eden space 23040K, 99% used [0x00000000f5580000,0x00000000f6bffff8,0x00000000f6c00000)
  from space 18432K, 17% used [0x00000000f9680000,0x00000000f999e7f8,0x00000000fa880000)
  to   space 43520K, 0% used [0x00000000f6c00000,0x00000000f6c00000,0x00000000f9680000)
 ParOldGen       total 349696K, used 349695K [0x00000000e0000000, 0x00000000f5580000, 0x00000000f5580000)
  object space 349696K, 99% used [0x00000000e0000000,0x00000000f557ffe8,0x00000000f5580000)
 Metaspace       used 53698K, committed 54592K, reserved 1105920K
  class space    used 5364K, committed 5696K, reserved 1048576K
}
Event: 696.080 GC heap after
{Heap after GC invocations=735 (full 616):
 PSYoungGen      total 41472K, used 26233K [0x00000000f5580000, 0x00000000fc200000, 0x0000000100000000)
  eden space 23040K, 99% used [0x00000000f5580000,0x00000000f6bffff8,0x00000000f6c00000)
  from space 18432K, 17% used [0x00000000f9680000,0x00000000f999e7f8,0x00000000fa880000)
  to   space 43520K, 0% used [0x00000000f6c00000,0x00000000f6c00000,0x00000000f9680000)
 ParOldGen       total 349696K, used 349695K [0x00000000e0000000, 0x00000000f5580000, 0x00000000f5580000)
  object space 349696K, 99% used [0x00000000e0000000,0x00000000f557ff90,0x00000000f5580000)
 Metaspace       used 53698K, committed 54592K, reserved 1105920K
  class space    used 5364K, committed 5696K, reserved 1048576K
}
Event: 696.080 GC heap before
{Heap before GC invocations=736 (full 617):
 PSYoungGen      total 41472K, used 26233K [0x00000000f5580000, 0x00000000fc200000, 0x0000000100000000)
  eden space 23040K, 99% used [0x00000000f5580000,0x00000000f6bffff8,0x00000000f6c00000)
  from space 18432K, 17% used [0x00000000f9680000,0x00000000f999e7f8,0x00000000fa880000)
  to   space 43520K, 0% used [0x00000000f6c00000,0x00000000f6c00000,0x00000000f9680000)
 ParOldGen       total 349696K, used 349695K [0x00000000e0000000, 0x00000000f5580000, 0x00000000f5580000)
  object space 349696K, 99% used [0x00000000e0000000,0x00000000f557ffe0,0x00000000f5580000)
 Metaspace       used 53698K, committed 54592K, reserved 1105920K
  class space    used 5364K, committed 5696K, reserved 1048576K
}
Event: 697.069 GC heap after
{Heap after GC invocations=736 (full 617):
 PSYoungGen      total 41472K, used 26233K [0x00000000f5580000, 0x00000000fc200000, 0x0000000100000000)
  eden space 23040K, 99% used [0x00000000f5580000,0x00000000f6bffff8,0x00000000f6c00000)
  from space 18432K, 17% used [0x00000000f9680000,0x00000000f999e7f8,0x00000000fa880000)
  to   space 43520K, 0% used [0x00000000f6c00000,0x00000000f6c00000,0x00000000f9680000)
 ParOldGen       total 349696K, used 349695K [0x00000000e0000000, 0x00000000f5580000, 0x00000000f5580000)
  object space 349696K, 99% used [0x00000000e0000000,0x00000000f557ffc0,0x00000000f5580000)
 Metaspace       used 53698K, committed 54592K, reserved 1105920K
  class space    used 5364K, committed 5696K, reserved 1048576K
}
Event: 697.069 GC heap before
{Heap before GC invocations=737 (full 618):
 PSYoungGen      total 41472K, used 26233K [0x00000000f5580000, 0x00000000fc200000, 0x0000000100000000)
  eden space 23040K, 99% used [0x00000000f5580000,0x00000000f6bffff8,0x00000000f6c00000)
  from space 18432K, 17% used [0x00000000f9680000,0x00000000f999e7f8,0x00000000fa880000)
  to   space 43520K, 0% used [0x00000000f6c00000,0x00000000f6c00000,0x00000000f9680000)
 ParOldGen       total 349696K, used 349695K [0x00000000e0000000, 0x00000000f5580000, 0x00000000f5580000)
  object space 349696K, 99% used [0x00000000e0000000,0x00000000f557ffc0,0x00000000f5580000)
 Metaspace       used 53698K, committed 54592K, reserved 1105920K
  class space    used 5364K, committed 5696K, reserved 1048576K
}
Event: 698.083 GC heap after
{Heap after GC invocations=737 (full 618):
 PSYoungGen      total 41472K, used 26233K [0x00000000f5580000, 0x00000000fc200000, 0x0000000100000000)
  eden space 23040K, 99% used [0x00000000f5580000,0x00000000f6bffed0,0x00000000f6c00000)
  from space 18432K, 17% used [0x00000000f9680000,0x00000000f999e7f8,0x00000000fa880000)
  to   space 43520K, 0% used [0x00000000f6c00000,0x00000000f6c00000,0x00000000f9680000)
 ParOldGen       total 349696K, used 349690K [0x00000000e0000000, 0x00000000f5580000, 0x00000000f5580000)
  object space 349696K, 99% used [0x00000000e0000000,0x00000000f557ea20,0x00000000f5580000)
 Metaspace       used 53698K, committed 54592K, reserved 1105920K
  class space    used 5364K, committed 5696K, reserved 1048576K
}
Event: 698.088 GC heap before
{Heap before GC invocations=738 (full 619):
 PSYoungGen      total 41472K, used 26233K [0x00000000f5580000, 0x00000000fc200000, 0x0000000100000000)
  eden space 23040K, 100% used [0x00000000f5580000,0x00000000f6c00000,0x00000000f6c00000)
  from space 18432K, 17% used [0x00000000f9680000,0x00000000f999e7f8,0x00000000fa880000)
  to   space 43520K, 0% used [0x00000000f6c00000,0x00000000f6c00000,0x00000000f9680000)
 ParOldGen       total 349696K, used 349691K [0x00000000e0000000, 0x00000000f5580000, 0x00000000f5580000)
  object space 349696K, 99% used [0x00000000e0000000,0x00000000f557ee28,0x00000000f5580000)
 Metaspace       used 53698K, committed 54592K, reserved 1105920K
  class space    used 5364K, committed 5696K, reserved 1048576K
}
Event: 699.171 GC heap after
{Heap after GC invocations=738 (full 619):
 PSYoungGen      total 41472K, used 26233K [0x00000000f5580000, 0x00000000fc200000, 0x0000000100000000)
  eden space 23040K, 99% used [0x00000000f5580000,0x00000000f6bfff38,0x00000000f6c00000)
  from space 18432K, 17% used [0x00000000f9680000,0x00000000f999e7f8,0x00000000fa880000)
  to   space 43520K, 0% used [0x00000000f6c00000,0x00000000f6c00000,0x00000000f9680000)
 ParOldGen       total 349696K, used 349690K [0x00000000e0000000, 0x00000000f5580000, 0x00000000f5580000)
  object space 349696K, 99% used [0x00000000e0000000,0x00000000f557eae0,0x00000000f5580000)
 Metaspace       used 53698K, committed 54592K, reserved 1105920K
  class space    used 5364K, committed 5696K, reserved 1048576K
}
Event: 699.172 GC heap before
{Heap before GC invocations=739 (full 620):
 PSYoungGen      total 41472K, used 26233K [0x00000000f5580000, 0x00000000fc200000, 0x0000000100000000)
  eden space 23040K, 99% used [0x00000000f5580000,0x00000000f6bffff8,0x00000000f6c00000)
  from space 18432K, 17% used [0x00000000f9680000,0x00000000f999e7f8,0x00000000fa880000)
  to   space 43520K, 0% used [0x00000000f6c00000,0x00000000f6c00000,0x00000000f9680000)
 ParOldGen       total 349696K, used 349690K [0x00000000e0000000, 0x00000000f5580000, 0x00000000f5580000)
  object space 349696K, 99% used [0x00000000e0000000,0x00000000f557eae0,0x00000000f5580000)
 Metaspace       used 53698K, committed 54592K, reserved 1105920K
  class space    used 5364K, committed 5696K, reserved 1048576K
}
Event: 700.296 GC heap after
{Heap after GC invocations=739 (full 620):
 PSYoungGen      total 41472K, used 26233K [0x00000000f5580000, 0x00000000fc200000, 0x0000000100000000)
  eden space 23040K, 99% used [0x00000000f5580000,0x00000000f6bfff38,0x00000000f6c00000)
  from space 18432K, 17% used [0x00000000f9680000,0x00000000f999e7f8,0x00000000fa880000)
  to   space 43520K, 0% used [0x00000000f6c00000,0x00000000f6c00000,0x00000000f9680000)
 ParOldGen       total 349696K, used 349690K [0x00000000e0000000, 0x00000000f5580000, 0x00000000f5580000)
  object space 349696K, 99% used [0x00000000e0000000,0x00000000f557eae0,0x00000000f5580000)
 Metaspace       used 53698K, committed 54592K, reserved 1105920K
  class space    used 5364K, committed 5696K, reserved 1048576K
}
Event: 700.296 GC heap before
{Heap before GC invocations=740 (full 621):
 PSYoungGen      total 41472K, used 26233K [0x00000000f5580000, 0x00000000fc200000, 0x0000000100000000)
  eden space 23040K, 99% used [0x00000000f5580000,0x00000000f6bffff8,0x00000000f6c00000)
  from space 18432K, 17% used [0x00000000f9680000,0x00000000f999e7f8,0x00000000fa880000)
  to   space 43520K, 0% used [0x00000000f6c00000,0x00000000f6c00000,0x00000000f9680000)
 ParOldGen       total 349696K, used 349690K [0x00000000e0000000, 0x00000000f5580000, 0x00000000f5580000)
  object space 349696K, 99% used [0x00000000e0000000,0x00000000f557eae0,0x00000000f5580000)
 Metaspace       used 53698K, committed 54592K, reserved 1105920K
  class space    used 5364K, committed 5696K, reserved 1048576K
}
Event: 701.350 GC heap after
{Heap after GC invocations=740 (full 621):
 PSYoungGen      total 41472K, used 26233K [0x00000000f5580000, 0x00000000fc200000, 0x0000000100000000)
  eden space 23040K, 99% used [0x00000000f5580000,0x00000000f6bfff38,0x00000000f6c00000)
  from space 18432K, 17% used [0x00000000f9680000,0x00000000f999e7f8,0x00000000fa880000)
  to   space 43520K, 0% used [0x00000000f6c00000,0x00000000f6c00000,0x00000000f9680000)
 ParOldGen       total 349696K, used 349690K [0x00000000e0000000, 0x00000000f5580000, 0x00000000f5580000)
  object space 349696K, 99% used [0x00000000e0000000,0x00000000f557eae0,0x00000000f5580000)
 Metaspace       used 53698K, committed 54592K, reserved 1105920K
  class space    used 5364K, committed 5696K, reserved 1048576K
}
Event: 701.351 GC heap before
{Heap before GC invocations=741 (full 622):
 PSYoungGen      total 41472K, used 26233K [0x00000000f5580000, 0x00000000fc200000, 0x0000000100000000)
  eden space 23040K, 100% used [0x00000000f5580000,0x00000000f6c00000,0x00000000f6c00000)
  from space 18432K, 17% used [0x00000000f9680000,0x00000000f999e7f8,0x00000000fa880000)
  to   space 43520K, 0% used [0x00000000f6c00000,0x00000000f6c00000,0x00000000f9680000)
 ParOldGen       total 349696K, used 349690K [0x00000000e0000000, 0x00000000f5580000, 0x00000000f5580000)
  object space 349696K, 99% used [0x00000000e0000000,0x00000000f557eae0,0x00000000f5580000)
 Metaspace       used 53698K, committed 54592K, reserved 1105920K
  class space    used 5364K, committed 5696K, reserved 1048576K
}
Event: 702.502 GC heap after
{Heap after GC invocations=741 (full 622):
 PSYoungGen      total 41472K, used 26233K [0x00000000f5580000, 0x00000000fc200000, 0x0000000100000000)
  eden space 23040K, 99% used [0x00000000f5580000,0x00000000f6bfff50,0x00000000f6c00000)
  from space 18432K, 17% used [0x00000000f9680000,0x00000000f999e7f8,0x00000000fa880000)
  to   space 43520K, 0% used [0x00000000f6c00000,0x00000000f6c00000,0x00000000f9680000)
 ParOldGen       total 349696K, used 349690K [0x00000000e0000000, 0x00000000f5580000, 0x00000000f5580000)
  object space 349696K, 99% used [0x00000000e0000000,0x00000000f557eae0,0x00000000f5580000)
 Metaspace       used 53698K, committed 54592K, reserved 1105920K
  class space    used 5364K, committed 5696K, reserved 1048576K
}
Event: 702.502 GC heap before
{Heap before GC invocations=742 (full 623):
 PSYoungGen      total 41472K, used 26233K [0x00000000f5580000, 0x00000000fc200000, 0x0000000100000000)
  eden space 23040K, 99% used [0x00000000f5580000,0x00000000f6bfffd8,0x00000000f6c00000)
  from space 18432K, 17% used [0x00000000f9680000,0x00000000f999e7f8,0x00000000fa880000)
  to   space 43520K, 0% used [0x00000000f6c00000,0x00000000f6c00000,0x00000000f9680000)
 ParOldGen       total 349696K, used 349690K [0x00000000e0000000, 0x00000000f5580000, 0x00000000f5580000)
  object space 349696K, 99% used [0x00000000e0000000,0x00000000f557eae0,0x00000000f5580000)
 Metaspace       used 53698K, committed 54592K, reserved 1105920K
  class space    used 5364K, committed 5696K, reserved 1048576K
}
Event: 703.571 GC heap after
{Heap after GC invocations=742 (full 623):
 PSYoungGen      total 41472K, used 26233K [0x00000000f5580000, 0x00000000fc200000, 0x0000000100000000)
  eden space 23040K, 99% used [0x00000000f5580000,0x00000000f6bfff68,0x00000000f6c00000)
  from space 18432K, 17% used [0x00000000f9680000,0x00000000f999e7f8,0x00000000fa880000)
  to   space 43520K, 0% used [0x00000000f6c00000,0x00000000f6c00000,0x00000000f9680000)
 ParOldGen       total 349696K, used 349690K [0x00000000e0000000, 0x00000000f5580000, 0x00000000f5580000)
  object space 349696K, 99% used [0x00000000e0000000,0x00000000f557eae0,0x00000000f5580000)
 Metaspace       used 53698K, committed 54592K, reserved 1105920K
  class space    used 5364K, committed 5696K, reserved 1048576K
}
Event: 703.571 GC heap before
{Heap before GC invocations=743 (full 624):
 PSYoungGen      total 41472K, used 26233K [0x00000000f5580000, 0x00000000fc200000, 0x0000000100000000)
  eden space 23040K, 99% used [0x00000000f5580000,0x00000000f6bffff8,0x00000000f6c00000)
  from space 18432K, 17% used [0x00000000f9680000,0x00000000f999e7f8,0x00000000fa880000)
  to   space 43520K, 0% used [0x00000000f6c00000,0x00000000f6c00000,0x00000000f9680000)
 ParOldGen       total 349696K, used 349695K [0x00000000e0000000, 0x00000000f5580000, 0x00000000f5580000)
  object space 349696K, 99% used [0x00000000e0000000,0x00000000f557fe78,0x00000000f5580000)
 Metaspace       used 53698K, committed 54592K, reserved 1105920K
  class space    used 5364K, committed 5696K, reserved 1048576K
}
Event: 704.644 GC heap after
{Heap after GC invocations=743 (full 624):
 PSYoungGen      total 41472K, used 26233K [0x00000000f5580000, 0x00000000fc200000, 0x0000000100000000)
  eden space 23040K, 99% used [0x00000000f5580000,0x00000000f6bffff8,0x00000000f6c00000)
  from space 18432K, 17% used [0x00000000f9680000,0x00000000f999e7f8,0x00000000fa880000)
  to   space 43520K, 0% used [0x00000000f6c00000,0x00000000f6c00000,0x00000000f9680000)
 ParOldGen       total 349696K, used 349694K [0x00000000e0000000, 0x00000000f5580000, 0x00000000f5580000)
  object space 349696K, 99% used [0x00000000e0000000,0x00000000f557f958,0x00000000f5580000)
 Metaspace       used 53698K, committed 54592K, reserved 1105920K
  class space    used 5364K, committed 5696K, reserved 1048576K
}
Event: 704.645 GC heap before
{Heap before GC invocations=744 (full 625):
 PSYoungGen      total 41472K, used 26233K [0x00000000f5580000, 0x00000000fc200000, 0x0000000100000000)
  eden space 23040K, 99% used [0x00000000f5580000,0x00000000f6bffff8,0x00000000f6c00000)
  from space 18432K, 17% used [0x00000000f9680000,0x00000000f999e7f8,0x00000000fa880000)
  to   space 43520K, 0% used [0x00000000f6c00000,0x00000000f6c00000,0x00000000f9680000)
 ParOldGen       total 349696K, used 349694K [0x00000000e0000000, 0x00000000f5580000, 0x00000000f5580000)
  object space 349696K, 99% used [0x00000000e0000000,0x00000000f557f958,0x00000000f5580000)
 Metaspace       used 53698K, committed 54592K, reserved 1105920K
  class space    used 5364K, committed 5696K, reserved 1048576K
}
Event: 705.747 GC heap after
{Heap after GC invocations=744 (full 625):
 PSYoungGen      total 41472K, used 26233K [0x00000000f5580000, 0x00000000fc200000, 0x0000000100000000)
  eden space 23040K, 99% used [0x00000000f5580000,0x00000000f6bffff8,0x00000000f6c00000)
  from space 18432K, 17% used [0x00000000f9680000,0x00000000f999e7f8,0x00000000fa880000)
  to   space 43520K, 0% used [0x00000000f6c00000,0x00000000f6c00000,0x00000000f9680000)
 ParOldGen       total 349696K, used 349694K [0x00000000e0000000, 0x00000000f5580000, 0x00000000f5580000)
  object space 349696K, 99% used [0x00000000e0000000,0x00000000f557f958,0x00000000f5580000)
 Metaspace       used 53698K, committed 54592K, reserved 1105920K
  class space    used 5364K, committed 5696K, reserved 1048576K
}

Dll operation events (9 events):
Event: 0.002 Loaded shared library /nix/store/gpxl5qgg8kicmcvivwmybwjlpf7wh20l-graalvm17-ce-22.3.0/lib/libjava.so
Event: 0.045 Loaded shared library /nix/store/gpxl5qgg8kicmcvivwmybwjlpf7wh20l-graalvm17-ce-22.3.0/lib/libjsvml.so
Event: 0.293 Loaded shared library /nix/store/gpxl5qgg8kicmcvivwmybwjlpf7wh20l-graalvm17-ce-22.3.0/lib/libnio.so
Event: 0.297 Loaded shared library /nix/store/gpxl5qgg8kicmcvivwmybwjlpf7wh20l-graalvm17-ce-22.3.0/lib/libzip.so
Event: 0.300 Loaded shared library /nix/store/gpxl5qgg8kicmcvivwmybwjlpf7wh20l-graalvm17-ce-22.3.0/lib/libjvmcicompiler.so
Event: 0.805 Loaded shared library /nix/store/gpxl5qgg8kicmcvivwmybwjlpf7wh20l-graalvm17-ce-22.3.0/lib/libjimage.so
Event: 1.455 Loaded shared library /nix/store/gpxl5qgg8kicmcvivwmybwjlpf7wh20l-graalvm17-ce-22.3.0/lib/libnet.so
Event: 4.977 Loaded shared library /home/runner/.cache/jdt-language-server/config/org.eclipse.equinox.launcher/org.eclipse.equinox.launcher.gtk.linux.x86_64_1.2.400.v20211117-0650/eclipse_11600.so
Event: 14.244 Loaded shared library /nix/store/gpxl5qgg8kicmcvivwmybwjlpf7wh20l-graalvm17-ce-22.3.0/lib/libextnet.so

Deoptimization events (20 events):
Event: 177.471 Thread 0x00007fae2c001940 Uncommon trap: trap_request=0xffffffed fr.pc=0x00007fae8f1418f1 relative=0x0000000000000831
Event: 177.471 Thread 0x00007fae2c001940 Uncommon trap: reason=null_assert_or_unreached0 action=reinterpret pc=0x00007fae8f1418f1 method=org.eclipse.jdt.internal.core.JavaModelCache.peekAtInfo(Lorg/eclipse/jdt/core/IJavaElement;)Ljava/lang/Object; @ 6 jvmci
Event: 177.471 Thread 0x00007fae2c001940 DEOPT PACKING pc=0x00007fae8f1418f1 sp=0x00007fae4cdfe2f0
Event: 177.471 Thread 0x00007fae2c001940 DEOPT UNPACKING pc=0x00007fae87505325 sp=0x00007fae4cdfd7c8 mode 3
Event: 397.647 Thread 0x00007fae3447e670 Uncommon trap: trap_request=0xffffff8f fr.pc=0x00007fae8f102c09 relative=0x00000000000011c9
Event: 397.647 Thread 0x00007fae3447e670 Uncommon trap: reason=constraint action=none pc=0x00007fae8f102c09 method=org.eclipse.jdt.internal.core.index.DiskIndex.copyQueryResults(Lorg/eclipse/jdt/internal/compiler/util/HashtableOfObject;I)V @ 123 jvmci
Event: 398.692 Thread 0x00007fae3447e670 DEOPT PACKING pc=0x00007fae8f102c09 sp=0x00007fae4d7fe530
Event: 398.692 Thread 0x00007fae3447e670 DEOPT UNPACKING pc=0x00007fae87505325 sp=0x00007fae4d7fda28 mode 3
Event: 404.764 Thread 0x00007fae342a10b0 Uncommon trap: trap_request=0xffffff8f fr.pc=0x00007fae8f05fd77 relative=0x00000000000000d7
Event: 404.764 Thread 0x00007fae342a10b0 Uncommon trap: reason=constraint action=none pc=0x00007fae8f05fd77 method=java.util.ArrayList.iterator()Ljava/util/Iterator; @ 0 jvmci
Event: 404.764 Thread 0x00007fae342a10b0 DEOPT PACKING pc=0x00007fae8f05fd77 sp=0x00007fae841fe910
Event: 404.764 Thread 0x00007fae342a10b0 DEOPT UNPACKING pc=0x00007fae87505325 sp=0x00007fae841fddb8 mode 3
Event: 431.860 Thread 0x00007fae3447e670 Uncommon trap: trap_request=0xffffff8f fr.pc=0x00007fae8f102c25 relative=0x00000000000011e5
Event: 431.860 Thread 0x00007fae3447e670 Uncommon trap: reason=constraint action=none pc=0x00007fae8f102c25 method=org.eclipse.jdt.internal.core.index.DiskIndex.copyQueryResults(Lorg/eclipse/jdt/internal/compiler/util/HashtableOfObject;I)V @ 123 jvmci
Event: 431.860 Thread 0x00007fae3447e670 DEOPT PACKING pc=0x00007fae8f102c25 sp=0x00007fae4d7fe530
Event: 431.860 Thread 0x00007fae3447e670 DEOPT UNPACKING pc=0x00007fae87505325 sp=0x00007fae4d7fda28 mode 3
Event: 433.856 Thread 0x00007fae3447e670 Uncommon trap: trap_request=0xffffff8f fr.pc=0x00007fae8f034a14 relative=0x0000000000000274
Event: 433.856 Thread 0x00007fae3447e670 Uncommon trap: reason=constraint action=none pc=0x00007fae8f034a14 method=org.eclipse.jdt.internal.core.index.DiskIndex$IntList.add(I)V @ 0 jvmci
Event: 435.890 Thread 0x00007fae3447e670 DEOPT PACKING pc=0x00007fae8f034a14 sp=0x00007fae4d7fe500
Event: 435.890 Thread 0x00007fae3447e670 DEOPT UNPACKING pc=0x00007fae87505325 sp=0x00007fae4d7fd9b0 mode 3

Classes unloaded (20 events):
Event: 154.083 Thread 0x00007faea00a1c10 Unloading class 0x0000000800d05800 'java/lang/invoke/LambdaForm$MH+0x0000000800d05800'
Event: 154.083 Thread 0x00007faea00a1c10 Unloading class 0x0000000800d05000 'java/lang/invoke/LambdaForm$MH+0x0000000800d05000'
Event: 154.083 Thread 0x00007faea00a1c10 Unloading class 0x0000000800d04c00 'java/lang/invoke/LambdaForm$MH+0x0000000800d04c00'
Event: 154.083 Thread 0x00007faea00a1c10 Unloading class 0x0000000800d04800 'java/lang/invoke/LambdaForm$MH+0x0000000800d04800'
Event: 159.377 Thread 0x00007faea00a1c10 Unloading class 0x0000000800ee9000 'jdk/internal/reflect/GeneratedConstructorAccessor12'
Event: 159.377 Thread 0x00007faea00a1c10 Unloading class 0x0000000800ee8800 'jdk/internal/reflect/GeneratedConstructorAccessor10'
Event: 159.378 Thread 0x00007faea00a1c10 Unloading class 0x0000000800ee8400 'jdk/internal/reflect/GeneratedConstructorAccessor9'
Event: 159.378 Thread 0x00007faea00a1c10 Unloading class 0x0000000800ee8000 'jdk/internal/reflect/GeneratedConstructorAccessor8'
Event: 163.150 Thread 0x00007faea00a1c10 Unloading class 0x0000000801061000 'java/lang/invoke/LambdaForm$MH+0x0000000801061000'
Event: 163.150 Thread 0x00007faea00a1c10 Unloading class 0x0000000801060c00 'java/lang/invoke/LambdaForm$MH+0x0000000801060c00'
Event: 163.150 Thread 0x00007faea00a1c10 Unloading class 0x0000000801060800 'java/lang/invoke/LambdaForm$MH+0x0000000801060800'
Event: 163.150 Thread 0x00007faea00a1c10 Unloading class 0x0000000801060400 'java/lang/invoke/LambdaForm$MH+0x0000000801060400'
Event: 163.150 Thread 0x00007faea00a1c10 Unloading class 0x0000000801060000 'java/lang/invoke/LambdaForm$MH+0x0000000801060000'
Event: 163.150 Thread 0x00007faea00a1c10 Unloading class 0x000000080105a400 'java/lang/invoke/LambdaForm$MH+0x000000080105a400'
Event: 163.150 Thread 0x00007faea00a1c10 Unloading class 0x0000000800d98400 'java/lang/invoke/LambdaForm$MH+0x0000000800d98400'
Event: 163.150 Thread 0x00007faea00a1c10 Unloading class 0x0000000800d04000 'java/lang/invoke/LambdaForm$MH+0x0000000800d04000'
Event: 171.477 Thread 0x00007faea00a1c10 Unloading class 0x0000000801091400 'jdk/internal/reflect/GeneratedSerializationConstructorAccessor4'
Event: 171.477 Thread 0x00007faea00a1c10 Unloading class 0x0000000801091000 'jdk/internal/reflect/GeneratedSerializationConstructorAccessor3'
Event: 171.477 Thread 0x00007faea00a1c10 Unloading class 0x0000000801090c00 'jdk/internal/reflect/GeneratedSerializationConstructorAccessor2'
Event: 171.477 Thread 0x00007faea00a1c10 Unloading class 0x0000000801090800 'jdk/internal/reflect/GeneratedSerializationConstructorAccessor1'

Classes redefined (0 events):
No events

Internal exceptions (20 events):
Event: 29.651 Thread 0x00007fae34304950 Exception <a 'sun/nio/fs/UnixException'{0x00000000f5c39578}> (0x00000000f5c39578) 
thrown [src/hotspot/share/prims/jni.cpp, line 516]
Event: 29.745 Thread 0x00007fae34304950 Exception <a 'sun/nio/fs/UnixException'{0x00000000f5eb2a50}> (0x00000000f5eb2a50) 
thrown [src/hotspot/share/prims/jni.cpp, line 516]
Event: 29.746 Thread 0x00007fae34304950 Exception <a 'sun/nio/fs/UnixException'{0x00000000f5ecebb8}> (0x00000000f5ecebb8) 
thrown [src/hotspot/share/prims/jni.cpp, line 516]
Event: 29.749 Thread 0x00007fae34304950 Exception <a 'sun/nio/fs/UnixException'{0x00000000f5f68150}> (0x00000000f5f68150) 
thrown [src/hotspot/share/prims/jni.cpp, line 516]
Event: 30.844 Thread 0x00007fae381eca60 Exception <a 'java/lang/NoSuchMethodError'{0x00000000f5cb5c00}: 'int java.lang.invoke.DirectMethodHandle$Holder.invokeStatic(java.lang.Object, java.lang.Object, java.lang.Object, int)'> (0x00000000f5cb5c00) 
thrown [src/hotspot/share/interpreter/linkResolver.cpp, line 758]
Event: 32.644 Thread 0x00007fae381eca60 Exception <a 'java/lang/NoSuchMethodError'{0x00000000f5a53248}: 'java.lang.Object java.lang.invoke.DirectMethodHandle$Holder.invokeStatic(java.lang.Object, int, java.lang.Object, java.lang.Object, java.lang.Object, java.lang.Object)'> (0x00000000f5a53248) 
thrown [src/hotspot/share/interpreter/linkResolver.cpp, line 758]
Event: 33.551 Thread 0x00007fae381eca60 Exception <a 'java/lang/NoSuchMethodError'{0x00000000f55b6c68}: 'void java.lang.invoke.DirectMethodHandle$Holder.invokeSpecial(java.lang.Object, java.lang.Object, int)'> (0x00000000f55b6c68) 
thrown [src/hotspot/share/interpreter/linkResolver.cpp, line 758]
Event: 36.664 Thread 0x00007fae3447e670 Implicit null exception at 0x00007fae8f12eca2 to 0x00007fae8f131638
Event: 397.647 Thread 0x00007fae3447e670 Exception <a 'java/lang/OutOfMemoryError'{0x00000000e00106c8}> (0x00000000e00106c8) 
thrown [src/hotspot/share/gc/shared/memAllocator.cpp, line 138]
Event: 397.647 Thread 0x00007fae3447e670 Implicit null exception at 0x00007fae8f102653 to 0x00007fae8f102bee
Event: 404.764 Thread 0x00007fae342a10b0 Exception <a 'java/lang/OutOfMemoryError'{0x00000000e0010128}> (0x00000000e0010128) 
thrown [src/hotspot/share/gc/shared/memAllocator.cpp, line 138]
Event: 404.764 Thread 0x00007fae342a10b0 Implicit null exception at 0x00007fae8f05fd58 to 0x00007fae8f05fd5c
Event: 413.973 Thread 0x00007fae34849a50 Exception <a 'java/lang/OutOfMemoryError'{0x00000000e000fea8}> (0x00000000e000fea8) 
thrown [src/hotspot/share/gc/shared/memAllocator.cpp, line 136]
Event: 417.949 Thread 0x00007fae34304950 Exception <a 'java/lang/OutOfMemoryError'{0x00000000e000fea8}> (0x00000000e000fea8) 
thrown [src/hotspot/share/gc/shared/memAllocator.cpp, line 136]
Event: 431.860 Thread 0x00007fae3447e670 Exception <a 'java/lang/OutOfMemoryError'{0x00000000e000fb88}> (0x00000000e000fb88) 
thrown [src/hotspot/share/gc/shared/memAllocator.cpp, line 138]
Event: 431.860 Thread 0x00007fae3447e670 Implicit null exception at 0x00007fae8f10268e to 0x00007fae8f102c0a
Event: 433.856 Thread 0x00007fae3447e670 Exception <a 'java/lang/OutOfMemoryError'{0x00000000e000fb88}> (0x00000000e000fb88) 
thrown [src/hotspot/share/gc/shared/memAllocator.cpp, line 138]
Event: 433.856 Thread 0x00007fae3447e670 Implicit null exception at 0x00007fae8f03496d to 0x00007fae8f0349f9
Event: 435.890 Thread 0x00007fae34304950 Exception <a 'java/lang/OutOfMemoryError'{0x00000000e000fea8}> (0x00000000e000fea8) 
thrown [src/hotspot/share/gc/shared/memAllocator.cpp, line 136]
Event: 705.747 Thread 0x00007faea00b2210 Exception <a 'java/lang/OutOfMemoryError'{0x00000000e000fea8}> (0x00000000e000fea8) 
thrown [src/hotspot/share/gc/shared/memAllocator.cpp, line 136]

VM Operations (20 events):
Event: 692.986 Executing VM operation: ParallelGCFailedAllocation
Event: 693.960 Executing VM operation: ParallelGCFailedAllocation done
Event: 693.961 Executing VM operation: ParallelGCFailedAllocation
Event: 694.990 Executing VM operation: ParallelGCFailedAllocation done
Event: 694.991 Executing VM operation: ParallelGCFailedAllocation
Event: 696.080 Executing VM operation: ParallelGCFailedAllocation done
Event: 696.080 Executing VM operation: ParallelGCFailedAllocation
Event: 698.084 Executing VM operation: ParallelGCFailedAllocation done
Event: 698.084 Executing VM operation: ParallelGCFailedAllocation
Event: 699.171 Executing VM operation: ParallelGCFailedAllocation done
Event: 699.171 Executing VM operation: ParallelGCFailedAllocation
Event: 700.296 Executing VM operation: ParallelGCFailedAllocation done
Event: 700.296 Executing VM operation: ParallelGCFailedAllocation
Event: 701.350 Executing VM operation: ParallelGCFailedAllocation done
Event: 701.351 Executing VM operation: ParallelGCFailedAllocation
Event: 702.502 Executing VM operation: ParallelGCFailedAllocation done
Event: 702.502 Executing VM operation: ParallelGCFailedAllocation
Event: 703.571 Executing VM operation: ParallelGCFailedAllocation done
Event: 703.571 Executing VM operation: ParallelGCFailedAllocation
Event: 705.747 Executing VM operation: ParallelGCFailedAllocation done

Events (20 events):
Event: 49.847 Thread 0x00007faea00b4b70 flushing nmethod 0x00007fae886f3a90
Event: 49.847 Thread 0x00007faea00b4b70 flushing nmethod 0x00007fae88700710
Event: 49.847 Thread 0x00007faea00b4b70 flushing nmethod 0x00007fae88704910
Event: 49.847 Thread 0x00007faea00b4b70 flushing nmethod 0x00007fae88718790
Event: 49.847 Thread 0x00007faea00b4b70 flushing nmethod 0x00007fae88729a90
Event: 49.847 Thread 0x00007faea00b4b70 flushing nmethod 0x00007fae8872a710
Event: 49.847 Thread 0x00007faea00b4b70 flushing nmethod 0x00007fae8872b490
Event: 84.044 Thread 0x00007faea01f6490 Thread exited: 0x00007faea01f6490
Event: 90.088 Thread 0x00007fae280010d0 Thread exited: 0x00007fae280010d0
Event: 94.257 Thread 0x000055d8bdcd1b30 Thread exited: 0x000055d8bdcd1b30
Event: 200.059 Thread 0x00007fae280010d0 Thread added: 0x00007fae280010d0
Event: 200.059 Protecting memory [0x00007fae4d100000,0x00007fae4d104000] with protection modes 0
Event: 313.662 Thread 0x00007fae44003700 Thread added: 0x00007fae44003700
Event: 313.662 Protecting memory [0x00007fae4d900000,0x00007fae4d904000] with protection modes 0
Event: 475.164 loading class java/lang/AssertionError
Event: 475.165 loading class java/lang/AssertionError done
Event: 568.156 Thread 0x00007fae2c001940 Thread exited: 0x00007fae2c001940
Event: 636.576 Thread 0x00007fae600793d0 Thread added: 0x00007fae600793d0
Event: 636.576 Protecting memory [0x00007fae4cd00000,0x00007fae4cd04000] with protection modes 0
Event: 642.969 Thread 0x00007fae600793d0 Thread exited: 0x00007fae600793d0


Dynamic libraries:
e0000000-f5580000 rw-p 00000000 00:00 0 
f5580000-fc200000 rw-p 00000000 00:00 0 
fc200000-100000000 ---p 00000000 00:00 0 
800000000-800449000 rw-p 00001000 00:145c 4611686019135357769            /nix/store/gpxl5qgg8kicmcvivwmybwjlpf7wh20l-graalvm17-ce-22.3.0/lib/server/classes.jsa
800449000-800bc8000 r--p 0044a000 00:145c 4611686019135357769            /nix/store/gpxl5qgg8kicmcvivwmybwjlpf7wh20l-graalvm17-ce-22.3.0/lib/server/classes.jsa
800bc8000-800c00000 ---p 00000000 00:00 0 
800c00000-800c20000 rw-p 00000000 00:00 0 
800c20000-800c40000 rw-p 00000000 00:00 0 
800c40000-800cc0000 rw-p 00000000 00:00 0 
800cc0000-800d00000 rw-p 00000000 00:00 0 
800d00000-800dc0000 rw-p 00000000 00:00 0 
800dc0000-800e00000 rw-p 00000000 00:00 0 
800e00000-800f40000 rw-p 00000000 00:00 0 
800f40000-800fc0000 rw-p 00000000 00:00 0 
800fc0000-800ff0000 rw-p 00000000 00:00 0 
800ff0000-801000000 ---p 00000000 00:00 0 
801000000-8011a0000 rw-p 00000000 00:00 0 
8011a0000-840c00000 ---p 00000000 00:00 0 
55d8bca64000-55d8bca65000 r-xp 00000000 00:145c 4611686019099417844      /nix/store/gpxl5qgg8kicmcvivwmybwjlpf7wh20l-graalvm17-ce-22.3.0/bin/.java-wrapped
55d8bca66000-55d8bca67000 r--p 00001000 00:145c 4611686019099417844      /nix/store/gpxl5qgg8kicmcvivwmybwjlpf7wh20l-graalvm17-ce-22.3.0/bin/.java-wrapped
55d8bca67000-55d8bca68000 rw-p 00002000 00:145c 4611686019099417844      /nix/store/gpxl5qgg8kicmcvivwmybwjlpf7wh20l-graalvm17-ce-22.3.0/bin/.java-wrapped
55d8bca68000-55d8bca69000 rw-p 00004000 00:145c 4611686019099417844      /nix/store/gpxl5qgg8kicmcvivwmybwjlpf7wh20l-graalvm17-ce-22.3.0/bin/.java-wrapped
55d8bca69000-55d8bca6a000 rw-p 00005000 00:145c 4611686019099417844      /nix/store/gpxl5qgg8kicmcvivwmybwjlpf7wh20l-graalvm17-ce-22.3.0/bin/.java-wrapped
55d8bdca9000-55d8bdd12000 rw-p 00000000 00:00 0                          [heap]
7fae16000000-7fae16010000 rw-p 00000000 00:00 0 
7fae16010000-7fae16800000 ---p 00000000 00:00 0 
7fae19c00000-7fae1a400000 rw-p 00000000 00:00 0 
7fae1a4b3000-7fae24000000 r--s 00000000 00:145c 4611686019135192581      /nix/store/gpxl5qgg8kicmcvivwmybwjlpf7wh20l-graalvm17-ce-22.3.0/lib/modules
7fae24000000-7fae24021000 rw-p 00000000 00:00 0 
7fae24021000-7fae28000000 ---p 00000000 00:00 0 
7fae28000000-7fae28417000 rw-p 00000000 00:00 0 
7fae28417000-7fae2c000000 ---p 00000000 00:00 0 
7fae2c000000-7fae2c166000 rw-p 00000000 00:00 0 
7fae2c166000-7fae30000000 ---p 00000000 00:00 0 
7fae30000000-7fae30021000 rw-p 00000000 00:00 0 
7fae30021000-7fae34000000 ---p 00000000 00:00 0 
7fae34000000-7fae34977000 rw-p 00000000 00:00 0 
7fae34977000-7fae38000000 ---p 00000000 00:00 0 
7fae38000000-7fae38205000 rw-p 00000000 00:00 0 
7fae38205000-7fae3c000000 ---p 00000000 00:00 0 
7fae3c000000-7fae3c021000 rw-p 00000000 00:00 0 
7fae3c021000-7fae40000000 ---p 00000000 00:00 0 
7fae40000000-7fae40021000 rw-p 00000000 00:00 0 
7fae40021000-7fae44000000 ---p 00000000 00:00 0 
7fae44000000-7fae44021000 rw-p 00000000 00:00 0 
7fae44021000-7fae48000000 ---p 00000000 00:00 0 
7fae48400000-7fae485c0000 rw-p 00000000 00:00 0 
7fae485c0000-7fae48600000 rw-p 00000000 00:00 0 
7fae48600000-7fae48900000 rw-p 00000000 00:00 0 
7fae48900000-7fae489b0000 rw-p 00000000 00:00 0 
7fae489b0000-7fae48a00000 ---p 00000000 00:00 0 
7fae48a00000-7fae48b40000 rw-p 00000000 00:00 0 
7fae48b40000-7fae48c00000 rw-p 00000000 00:00 0 
7fae48c00000-7fae48c80000 rw-p 00000000 00:00 0 
7fae48c80000-7fae48d00000 rw-p 00000000 00:00 0 
7fae48d00000-7fae48f00000 rw-p 00000000 00:00 0 
7fae48f00000-7fae49100000 rw-p 00000000 00:00 0 
7fae49100000-7fae49200000 rw-p 00000000 00:00 0 
7fae49200000-7fae49400000 rw-p 00000000 00:00 0 
7fae49400000-7fae49500000 rw-p 00000000 00:00 0 
7fae49500000-7fae49600000 rw-p 00000000 00:00 0 
7fae49600000-7fae49b80000 rw-p 00000000 00:00 0 
7fae49b80000-7fae49c00000 rw-p 00000000 00:00 0 
7fae49c00000-7fae49d00000 rw-p 00000000 00:00 0 
7fae49d00000-7fae49e00000 rw-p 00000000 00:00 0 
7fae49e00000-7fae4a300000 rw-p 00000000 00:00 0 
7fae4a300000-7fae4a400000 rw-p 00000000 00:00 0 
7fae4b000000-7fae4b010000 r-xp 00000000 00:1459 355                      /home/runner/.cache/jdt-language-server/config/org.eclipse.equinox.launcher/org.eclipse.equinox.launcher.gtk.linux.x86_64_1.2.400.v20211117-0650/eclipse_11600.so
7fae4b010000-7fae4b20f000 ---p 00010000 00:1459 355                      /home/runner/.cache/jdt-language-server/config/org.eclipse.equinox.launcher/org.eclipse.equinox.launcher.gtk.linux.x86_64_1.2.400.v20211117-0650/eclipse_11600.so
7fae4b20f000-7fae4b210000 r--p 0000f000 00:1459 355                      /home/runner/.cache/jdt-language-server/config/org.eclipse.equinox.launcher/org.eclipse.equinox.launcher.gtk.linux.x86_64_1.2.400.v20211117-0650/eclipse_11600.so
7fae4b210000-7fae4b211000 rw-p 00010000 00:1459 355                      /home/runner/.cache/jdt-language-server/config/org.eclipse.equinox.launcher/org.eclipse.equinox.launcher.gtk.linux.x86_64_1.2.400.v20211117-0650/eclipse_11600.so
7fae4b700000-7fae4b800000 ---p 00000000 00:00 0 
7fae4b800000-7fae4bdaf000 r--p 01122000 00:145c 4611686019135190040      /nix/store/gpxl5qgg8kicmcvivwmybwjlpf7wh20l-graalvm17-ce-22.3.0/lib/libjvmcicompiler.so
7fae4bdaf000-7fae4bf00000 r--p 00000000 00:00 0 
7fae4bf00000-7fae4bf3d000 rw-p 00000000 00:00 0 
7fae4bf3d000-7fae4c45d000 rw-p 0185f000 00:145c 4611686019135190040      /nix/store/gpxl5qgg8kicmcvivwmybwjlpf7wh20l-graalvm17-ce-22.3.0/lib/libjvmcicompiler.so
7fae4c45d000-7fae4c844000 r--p 01d7f000 00:145c 4611686019135190040      /nix/store/gpxl5qgg8kicmcvivwmybwjlpf7wh20l-graalvm17-ce-22.3.0/lib/libjvmcicompiler.so
7fae4c900000-7fae4c904000 ---p 00000000 00:00 0 
7fae4c904000-7fae4ca00000 rw-p 00000000 00:00 0 
7fae4cb00000-7fae4cb04000 ---p 00000000 00:00 0 
7fae4cb04000-7fae4cc00000 rw-p 00000000 00:00 0 
7fae4cd00000-7fae4cd04000 ---p 00000000 00:00 0 
7fae4cd04000-7fae4ce00000 rw-p 00000000 00:00 0 
7fae4cf00000-7fae4cf04000 ---p 00000000 00:00 0 
7fae4cf04000-7fae4d000000 rw-p 00000000 00:00 0 
7fae4d100000-7fae4d104000 ---p 00000000 00:00 0 
7fae4d104000-7fae4d200000 rw-p 00000000 00:00 0 
7fae4d300000-7fae4d304000 ---p 00000000 00:00 0 
7fae4d304000-7fae4d400000 rw-p 00000000 00:00 0 
7fae4d500000-7fae4d504000 ---p 00000000 00:00 0 
7fae4d504000-7fae4d600000 rw-p 00000000 00:00 0 
7fae4d700000-7fae4d704000 ---p 00000000 00:00 0 
7fae4d704000-7fae4d800000 rw-p 00000000 00:00 0 
7fae4d900000-7fae4d904000 ---p 00000000 00:00 0 
7fae4d904000-7fae4da00000 rw-p 00000000 00:00 0 
7fae4db00000-7fae4db04000 ---p 00000000 00:00 0 
7fae4db04000-7fae4dc00000 rw-p 00000000 00:00 0 
7fae4dc00000-7fae4fd6a000 r-xp 00000000 00:145c 4611686019135190040      /nix/store/gpxl5qgg8kicmcvivwmybwjlpf7wh20l-graalvm17-ce-22.3.0/lib/libjvmcicompiler.so
7fae4fd6a000-7fae4ff69000 ---p 0216a000 00:145c 4611686019135190040      /nix/store/gpxl5qgg8kicmcvivwmybwjlpf7wh20l-graalvm17-ce-22.3.0/lib/libjvmcicompiler.so
7fae4ff69000-7fae4ff6a000 r--p 02169000 00:145c 4611686019135190040      /nix/store/gpxl5qgg8kicmcvivwmybwjlpf7wh20l-graalvm17-ce-22.3.0/lib/libjvmcicompiler.so
7fae4ff6a000-7fae4ff6c000 rw-p 0216a000 00:145c 4611686019135190040      /nix/store/gpxl5qgg8kicmcvivwmybwjlpf7wh20l-graalvm17-ce-22.3.0/lib/libjvmcicompiler.so
7fae4ff6c000-7fae4ff6d000 rw-p 00000000 00:00 0 
7fae4ff6d000-7fae4ff72000 rw-p 023c3000 00:145c 4611686019135190040      /nix/store/gpxl5qgg8kicmcvivwmybwjlpf7wh20l-graalvm17-ce-22.3.0/lib/libjvmcicompiler.so
7fae50000000-7fae50043000 rw-p 00000000 00:00 0 
7fae50043000-7fae54000000 ---p 00000000 00:00 0 
7fae54000000-7fae54021000 rw-p 00000000 00:00 0 
7fae54021000-7fae58000000 ---p 00000000 00:00 0 
7fae58000000-7fae5804b000 rw-p 00000000 00:00 0 
7fae5804b000-7fae5c000000 ---p 00000000 00:00 0 
7fae5c000000-7fae5c021000 rw-p 00000000 00:00 0 
7fae5c021000-7fae60000000 ---p 00000000 00:00 0 
7fae60000000-7fae600d1000 rw-p 00000000 00:00 0 
7fae600d1000-7fae64000000 ---p 00000000 00:00 0 
7fae64000000-7fae64a55000 rw-p 00000000 00:00 0 
7fae64a55000-7fae68000000 ---p 00000000 00:00 0 
7fae68000000-7fae68021000 rw-p 00000000 00:00 0 
7fae68021000-7fae6c000000 ---p 00000000 00:00 0 
7fae6c000000-7fae6c021000 rw-p 00000000 00:00 0 
7fae6c021000-7fae70000000 ---p 00000000 00:00 0 
7fae70000000-7fae70021000 rw-p 00000000 00:00 0 
7fae70021000-7fae74000000 ---p 00000000 00:00 0 
7fae74000000-7fae74021000 rw-p 00000000 00:00 0 
7fae74021000-7fae78000000 ---p 00000000 00:00 0 
7fae78000000-7fae78021000 rw-p 00000000 00:00 0 
7fae78021000-7fae7c000000 ---p 00000000 00:00 0 
7fae7c000000-7fae7c021000 rw-p 00000000 00:00 0 
7fae7c021000-7fae80000000 ---p 00000000 00:00 0 
7fae80000000-7fae8005e000 rw-p 00000000 00:00 0 
7fae8005e000-7fae84000000 ---p 00000000 00:00 0 
7fae84100000-7fae84104000 ---p 00000000 00:00 0 
7fae84104000-7fae84200000 rw-p 00000000 00:00 0 
7fae84300000-7fae84304000 ---p 00000000 00:00 0 
7fae84304000-7fae84400000 rw-p 00000000 00:00 0 
7fae84500000-7fae84504000 ---p 00000000 00:00 0 
7fae84504000-7fae84600000 rw-p 00000000 00:00 0 
7fae84700000-7fae84704000 ---p 00000000 00:00 0 
7fae84704000-7fae84800000 rw-p 00000000 00:00 0 
7fae84900000-7fae84904000 ---p 00000000 00:00 0 
7fae84904000-7fae84a00000 rw-p 00000000 00:00 0 
7fae84b00000-7fae84b04000 ---p 00000000 00:00 0 
7fae84b04000-7fae84c00000 rw-p 00000000 00:00 0 
7fae84d00000-7fae84d04000 ---p 00000000 00:00 0 
7fae84d04000-7fae84e00000 rw-p 00000000 00:00 0 
7fae85b68000-7fae86000000 rw-p 00000000 00:00 0 
7fae86018000-7fae86019000 ---p 00000000 00:00 0 
7fae86019000-7fae8611a000 rw-p 00000000 00:00 0 
7fae8611a000-7fae8611e000 ---p 00000000 00:00 0 
7fae8611e000-7fae8621a000 rw-p 00000000 00:00 0 
7fae8621a000-7fae8621e000 ---p 00000000 00:00 0 
7fae8621e000-7fae8631a000 rw-p 00000000 00:00 0 
7fae8631a000-7fae8631e000 ---p 00000000 00:00 0 
7fae8631e000-7fae8641a000 rw-p 00000000 00:00 0 
7fae8641a000-7fae8641e000 ---p 00000000 00:00 0 
7fae8641e000-7fae8661a000 rw-p 00000000 00:00 0 
7fae8661a000-7fae8661e000 ---p 00000000 00:00 0 
7fae8661e000-7fae8681a000 rw-p 00000000 00:00 0 
7fae8681a000-7fae8681e000 ---p 00000000 00:00 0 
7fae8681e000-7fae8691a000 rw-p 00000000 00:00 0 
7fae8691a000-7fae86c00000 r--p 00000000 00:da9 28444448                  /usr/lib/locale/locale-archive
7fae86c00000-7fae87000000 rw-p 00000000 00:00 0 
7fae87000000-7fae871e0000 rw-p 00000000 00:00 0 
7fae871e0000-7fae87200000 rw-p 00000000 00:00 0 
7fae87200000-7fae87300000 rw-p 00000000 00:00 0 
7fae87300000-7fae87400000 rw-p 00000000 00:00 0 
7fae8744b000-7fae8744d000 r-xp 00000000 00:145c 4611686019135190017      /nix/store/gpxl5qgg8kicmcvivwmybwjlpf7wh20l-graalvm17-ce-22.3.0/lib/libextnet.so
7fae8744d000-7fae8744e000 r--p 00001000 00:145c 4611686019135190017      /nix/store/gpxl5qgg8kicmcvivwmybwjlpf7wh20l-graalvm17-ce-22.3.0/lib/libextnet.so
7fae8744e000-7fae8744f000 rw-p 00002000 00:145c 4611686019135190017      /nix/store/gpxl5qgg8kicmcvivwmybwjlpf7wh20l-graalvm17-ce-22.3.0/lib/libextnet.so
7fae8744f000-7fae87450000 rw-p 00004000 00:145c 4611686019135190017      /nix/store/gpxl5qgg8kicmcvivwmybwjlpf7wh20l-graalvm17-ce-22.3.0/lib/libextnet.so
7fae87450000-7fae87454000 ---p 00000000 00:00 0 
7fae87454000-7fae87472000 rw-p 00000000 00:00 0 
7fae87472000-7fae87479000 r-xp 00000000 00:145c 4611686019135192580      /nix/store/gpxl5qgg8kicmcvivwmybwjlpf7wh20l-graalvm17-ce-22.3.0/lib/libzip.so
7fae87479000-7fae8747a000 ---p 00007000 00:145c 4611686019135192580      /nix/store/gpxl5qgg8kicmcvivwmybwjlpf7wh20l-graalvm17-ce-22.3.0/lib/libzip.so
7fae8747a000-7fae8747b000 r--p 00007000 00:145c 4611686019135192580      /nix/store/gpxl5qgg8kicmcvivwmybwjlpf7wh20l-graalvm17-ce-22.3.0/lib/libzip.so
7fae8747b000-7fae8747c000 rw-p 00008000 00:145c 4611686019135192580      /nix/store/gpxl5qgg8kicmcvivwmybwjlpf7wh20l-graalvm17-ce-22.3.0/lib/libzip.so
7fae8747c000-7fae8747e000 rw-p 0000b000 00:145c 4611686019135192580      /nix/store/gpxl5qgg8kicmcvivwmybwjlpf7wh20l-graalvm17-ce-22.3.0/lib/libzip.so
7fae8747e000-7fae87493000 r-xp 00000000 00:145c 4611686019135192570      /nix/store/gpxl5qgg8kicmcvivwmybwjlpf7wh20l-graalvm17-ce-22.3.0/lib/libnet.so
7fae87493000-7fae87494000 ---p 00015000 00:145c 4611686019135192570      /nix/store/gpxl5qgg8kicmcvivwmybwjlpf7wh20l-graalvm17-ce-22.3.0/lib/libnet.so
7fae87494000-7fae87495000 r--p 00015000 00:145c 4611686019135192570      /nix/store/gpxl5qgg8kicmcvivwmybwjlpf7wh20l-graalvm17-ce-22.3.0/lib/libnet.so
7fae87495000-7fae87496000 rw-p 00016000 00:145c 4611686019135192570      /nix/store/gpxl5qgg8kicmcvivwmybwjlpf7wh20l-graalvm17-ce-22.3.0/lib/libnet.so
7fae87496000-7fae87499000 rw-p 0001b000 00:145c 4611686019135192570      /nix/store/gpxl5qgg8kicmcvivwmybwjlpf7wh20l-graalvm17-ce-22.3.0/lib/libnet.so
7fae87499000-7fae874ac000 r-xp 00000000 00:145c 4611686019135192571      /nix/store/gpxl5qgg8kicmcvivwmybwjlpf7wh20l-graalvm17-ce-22.3.0/lib/libnio.so
7fae874ac000-7fae874ad000 r--p 00012000 00:145c 4611686019135192571      /nix/store/gpxl5qgg8kicmcvivwmybwjlpf7wh20l-graalvm17-ce-22.3.0/lib/libnio.so
7fae874ad000-7fae874ae000 rw-p 00013000 00:145c 4611686019135192571      /nix/store/gpxl5qgg8kicmcvivwmybwjlpf7wh20l-graalvm17-ce-22.3.0/lib/libnio.so
7fae874ae000-7fae874b3000 rw-p 00019000 00:145c 4611686019135192571      /nix/store/gpxl5qgg8kicmcvivwmybwjlpf7wh20l-graalvm17-ce-22.3.0/lib/libnio.so
7fae874b3000-7fae87723000 rwxp 00000000 00:00 0 
7fae87723000-7fae87a42000 ---p 00000000 00:00 0 
7fae87a42000-7fae88762000 rwxp 00000000 00:00 0 
7fae88762000-7fae8ef7a000 ---p 00000000 00:00 0 
7fae8ef7a000-7fae8f1ea000 rwxp 00000000 00:00 0 
7fae8f1ea000-7fae964b3000 ---p 00000000 00:00 0 
7fae964b3000-7faea0000000 r--s 00000000 00:145c 4611686019135192581      /nix/store/gpxl5qgg8kicmcvivwmybwjlpf7wh20l-graalvm17-ce-22.3.0/lib/modules
7faea0000000-7faea0601000 rw-p 00000000 00:00 0 
7faea0601000-7faea4000000 ---p 00000000 00:00 0 
7faea4001000-7faea4005000 ---p 00000000 00:00 0 
7faea4005000-7faea4101000 rw-p 00000000 00:00 0 
7faea4101000-7faea4105000 ---p 00000000 00:00 0 
7faea4105000-7faea4201000 rw-p 00000000 00:00 0 
7faea4201000-7faea4205000 ---p 00000000 00:00 0 
7faea4205000-7faea4301000 rw-p 00000000 00:00 0 
7faea4301000-7faea4305000 ---p 00000000 00:00 0 
7faea4305000-7faea4401000 rw-p 00000000 00:00 0 
7faea4401000-7faea4402000 ---p 00000000 00:00 0 
7faea4402000-7faea4503000 rw-p 00000000 00:00 0 
7faea4503000-7faea45d1000 r-xp 00000000 00:145c 4611686019135190036      /nix/store/gpxl5qgg8kicmcvivwmybwjlpf7wh20l-graalvm17-ce-22.3.0/lib/libjsvml.so
7faea45d1000-7faea45d2000 r--p 000cd000 00:145c 4611686019135190036      /nix/store/gpxl5qgg8kicmcvivwmybwjlpf7wh20l-graalvm17-ce-22.3.0/lib/libjsvml.so
7faea45d2000-7faea45d3000 rw-p 000ce000 00:145c 4611686019135190036      /nix/store/gpxl5qgg8kicmcvivwmybwjlpf7wh20l-graalvm17-ce-22.3.0/lib/libjsvml.so
7faea45d3000-7faea5eab000 rw-p 00000000 00:00 0 
7faea5eab000-7faea5eac000 ---p 00000000 00:00 0 
7faea5eac000-7faea6057000 rw-p 00000000 00:00 0 
7faea6057000-7faea608e000 rw-p 00000000 00:00 0 
7faea608e000-7faea60ad000 ---p 00000000 00:00 0 
7faea60ad000-7faea60b3000 rw-p 00000000 00:00 0 
7faea60b3000-7faea6199000 ---p 00000000 00:00 0 
7faea6199000-7faea61b4000 rw-p 00000000 00:00 0 
7faea61b4000-7faea6284000 ---p 00000000 00:00 0 
7faea6284000-7faea6289000 rw-p 00000000 00:00 0 
7faea6289000-7faea6290000 ---p 00000000 00:00 0 
7faea6290000-7faea62b4000 r-xp 00000000 00:145c 4611686019135190028      /nix/store/gpxl5qgg8kicmcvivwmybwjlpf7wh20l-graalvm17-ce-22.3.0/lib/libjava.so
7faea62b4000-7faea62b5000 ---p 00024000 00:145c 4611686019135190028      /nix/store/gpxl5qgg8kicmcvivwmybwjlpf7wh20l-graalvm17-ce-22.3.0/lib/libjava.so
7faea62b5000-7faea62b6000 r--p 00024000 00:145c 4611686019135190028      /nix/store/gpxl5qgg8kicmcvivwmybwjlpf7wh20l-graalvm17-ce-22.3.0/lib/libjava.so
7faea62b6000-7faea62b7000 rw-p 00025000 00:145c 4611686019135190028      /nix/store/gpxl5qgg8kicmcvivwmybwjlpf7wh20l-graalvm17-ce-22.3.0/lib/libjava.so
7faea62b7000-7faea62b8000 rw-p 00000000 00:00 0 
7faea62b8000-7faea62bf000 rw-p 0002f000 00:145c 4611686019135190028      /nix/store/gpxl5qgg8kicmcvivwmybwjlpf7wh20l-graalvm17-ce-22.3.0/lib/libjava.so
7faea62bf000-7faea62c7000 rw-s 00000000 00:520 352                       /tmp/hsperfdata_runner/24
7faea62c7000-7faea62c8000 ---p 00000000 00:00 0 
7faea62c8000-7faea62c9000 r--p 00000000 00:00 0 
7faea62c9000-7faea62ca000 rwxp 00000000 00:00 0 
7faea62ca000-7faea62e5000 r-xp 00000000 00:145c 4611686019135190032      /nix/store/gpxl5qgg8kicmcvivwmybwjlpf7wh20l-graalvm17-ce-22.3.0/lib/libjimage.so
7faea62e5000-7faea62e6000 ---p 0001b000 00:145c 4611686019135190032      /nix/store/gpxl5qgg8kicmcvivwmybwjlpf7wh20l-graalvm17-ce-22.3.0/lib/libjimage.so
7faea62e6000-7faea62e8000 r--p 0001b000 00:145c 4611686019135190032      /nix/store/gpxl5qgg8kicmcvivwmybwjlpf7wh20l-graalvm17-ce-22.3.0/lib/libjimage.so
7faea62e8000-7faea62e9000 rw-p 0001d000 00:145c 4611686019135190032      /nix/store/gpxl5qgg8kicmcvivwmybwjlpf7wh20l-graalvm17-ce-22.3.0/lib/libjimage.so
7faea62e9000-7faea62ea000 rw-p 00024000 00:145c 4611686019135190032      /nix/store/gpxl5qgg8kicmcvivwmybwjlpf7wh20l-graalvm17-ce-22.3.0/lib/libjimage.so
7faea62ea000-7faea62ee000 ---p 00000000 00:00 0 
7faea62ee000-7faea63ea000 rw-p 00000000 00:00 0 
7faea63ea000-7faea63f8000 r--p 00000000 00:145c 4611686019027979927      /nix/store/4nlgxhb09sdr51nc9hdm8az5b08vzkgx-glibc-2.35-163/lib/libm.so.6
7faea63f8000-7faea646b000 r-xp 0000e000 00:145c 4611686019027979927      /nix/store/4nlgxhb09sdr51nc9hdm8az5b08vzkgx-glibc-2.35-163/lib/libm.so.6
7faea646b000-7faea64c8000 r--p 00081000 00:145c 4611686019027979927      /nix/store/4nlgxhb09sdr51nc9hdm8az5b08vzkgx-glibc-2.35-163/lib/libm.so.6
7faea64c8000-7faea64c9000 r--p 000dd000 00:145c 4611686019027979927      /nix/store/4nlgxhb09sdr51nc9hdm8az5b08vzkgx-glibc-2.35-163/lib/libm.so.6
7faea64c9000-7faea64ca000 rw-p 000de000 00:145c 4611686019027979927      /nix/store/4nlgxhb09sdr51nc9hdm8az5b08vzkgx-glibc-2.35-163/lib/libm.so.6
7faea64ca000-7faea64cb000 r--p 00000000 00:145c 4611686019027979946      /nix/store/4nlgxhb09sdr51nc9hdm8az5b08vzkgx-glibc-2.35-163/lib/librt.so.1
7faea64cb000-7faea64cc000 r-xp 00001000 00:145c 4611686019027979946      /nix/store/4nlgxhb09sdr51nc9hdm8az5b08vzkgx-glibc-2.35-163/lib/librt.so.1
7faea64cc000-7faea64cd000 r--p 00002000 00:145c 4611686019027979946      /nix/store/4nlgxhb09sdr51nc9hdm8az5b08vzkgx-glibc-2.35-163/lib/librt.so.1
7faea64cd000-7faea64ce000 r--p 00002000 00:145c 4611686019027979946      /nix/store/4nlgxhb09sdr51nc9hdm8az5b08vzkgx-glibc-2.35-163/lib/librt.so.1
7faea64ce000-7faea64cf000 rw-p 00003000 00:145c 4611686019027979946      /nix/store/4nlgxhb09sdr51nc9hdm8az5b08vzkgx-glibc-2.35-163/lib/librt.so.1
7faea64cf000-7faea75e2000 r-xp 00000000 00:145c 4611686019135360866      /nix/store/gpxl5qgg8kicmcvivwmybwjlpf7wh20l-graalvm17-ce-22.3.0/lib/server/libjvm.so
7faea75e2000-7faea75e3000 ---p 01113000 00:145c 4611686019135360866      /nix/store/gpxl5qgg8kicmcvivwmybwjlpf7wh20l-graalvm17-ce-22.3.0/lib/server/libjvm.so
7faea75e3000-7faea7698000 r--p 01113000 00:145c 4611686019135360866      /nix/store/gpxl5qgg8kicmcvivwmybwjlpf7wh20l-graalvm17-ce-22.3.0/lib/server/libjvm.so
7faea7698000-7faea76cc000 rw-p 011c8000 00:145c 4611686019135360866      /nix/store/gpxl5qgg8kicmcvivwmybwjlpf7wh20l-graalvm17-ce-22.3.0/lib/server/libjvm.so
7faea76cc000-7faea7728000 rw-p 00000000 00:00 0 
7faea7728000-7faea7750000 r--p 00000000 00:145c 4611686019027979918      /nix/store/4nlgxhb09sdr51nc9hdm8az5b08vzkgx-glibc-2.35-163/lib/libc.so.6
7faea7750000-7faea78c6000 r-xp 00028000 00:145c 4611686019027979918      /nix/store/4nlgxhb09sdr51nc9hdm8az5b08vzkgx-glibc-2.35-163/lib/libc.so.6
7faea78c6000-7faea791e000 r--p 0019e000 00:145c 4611686019027979918      /nix/store/4nlgxhb09sdr51nc9hdm8az5b08vzkgx-glibc-2.35-163/lib/libc.so.6
7faea791e000-7faea7922000 r--p 001f6000 00:145c 4611686019027979918      /nix/store/4nlgxhb09sdr51nc9hdm8az5b08vzkgx-glibc-2.35-163/lib/libc.so.6
7faea7922000-7faea7924000 rw-p 001fa000 00:145c 4611686019027979918      /nix/store/4nlgxhb09sdr51nc9hdm8az5b08vzkgx-glibc-2.35-163/lib/libc.so.6
7faea7924000-7faea7933000 rw-p 00000000 00:00 0 
7faea7933000-7faea7934000 r--p 00000000 00:145c 4611686019027979923      /nix/store/4nlgxhb09sdr51nc9hdm8az5b08vzkgx-glibc-2.35-163/lib/libdl.so.2
7faea7934000-7faea7935000 r-xp 00001000 00:145c 4611686019027979923      /nix/store/4nlgxhb09sdr51nc9hdm8az5b08vzkgx-glibc-2.35-163/lib/libdl.so.2
7faea7935000-7faea7936000 r--p 00002000 00:145c 4611686019027979923      /nix/store/4nlgxhb09sdr51nc9hdm8az5b08vzkgx-glibc-2.35-163/lib/libdl.so.2
7faea7936000-7faea7937000 r--p 00002000 00:145c 4611686019027979923      /nix/store/4nlgxhb09sdr51nc9hdm8az5b08vzkgx-glibc-2.35-163/lib/libdl.so.2
7faea7937000-7faea7938000 rw-p 00003000 00:145c 4611686019027979923      /nix/store/4nlgxhb09sdr51nc9hdm8az5b08vzkgx-glibc-2.35-163/lib/libdl.so.2
7faea7938000-7faea7939000 r--p 00000000 00:145c 4611686019027979942      /nix/store/4nlgxhb09sdr51nc9hdm8az5b08vzkgx-glibc-2.35-163/lib/libpthread.so.0
7faea7939000-7faea793a000 r-xp 00001000 00:145c 4611686019027979942      /nix/store/4nlgxhb09sdr51nc9hdm8az5b08vzkgx-glibc-2.35-163/lib/libpthread.so.0
7faea793a000-7faea793b000 r--p 00002000 00:145c 4611686019027979942      /nix/store/4nlgxhb09sdr51nc9hdm8az5b08vzkgx-glibc-2.35-163/lib/libpthread.so.0
7faea793b000-7faea793c000 r--p 00002000 00:145c 4611686019027979942      /nix/store/4nlgxhb09sdr51nc9hdm8az5b08vzkgx-glibc-2.35-163/lib/libpthread.so.0
7faea793c000-7faea793d000 rw-p 00003000 00:145c 4611686019027979942      /nix/store/4nlgxhb09sdr51nc9hdm8az5b08vzkgx-glibc-2.35-163/lib/libpthread.so.0
7faea793d000-7faea794b000 r-xp 00000000 00:145c 4611686019135190033      /nix/store/gpxl5qgg8kicmcvivwmybwjlpf7wh20l-graalvm17-ce-22.3.0/lib/libjli.so
7faea794b000-7faea794c000 ---p 0000e000 00:145c 4611686019135190033      /nix/store/gpxl5qgg8kicmcvivwmybwjlpf7wh20l-graalvm17-ce-22.3.0/lib/libjli.so
7faea794c000-7faea794d000 r--p 0000e000 00:145c 4611686019135190033      /nix/store/gpxl5qgg8kicmcvivwmybwjlpf7wh20l-graalvm17-ce-22.3.0/lib/libjli.so
7faea794d000-7faea794e000 rw-p 0000f000 00:145c 4611686019135190033      /nix/store/gpxl5qgg8kicmcvivwmybwjlpf7wh20l-graalvm17-ce-22.3.0/lib/libjli.so
7faea794e000-7faea794f000 rw-p 00012000 00:145c 4611686019135190033      /nix/store/gpxl5qgg8kicmcvivwmybwjlpf7wh20l-graalvm17-ce-22.3.0/lib/libjli.so
7faea794f000-7faea7952000 r--p 00000000 00:145c 4611686019106210071      /nix/store/026hln0aq1hyshaxsdvhg0kmcm6yf45r-zlib-1.2.13/lib/libz.so.1.2.13
7faea7952000-7faea7964000 r-xp 00003000 00:145c 4611686019106210071      /nix/store/026hln0aq1hyshaxsdvhg0kmcm6yf45r-zlib-1.2.13/lib/libz.so.1.2.13
7faea7964000-7faea796b000 r--p 00015000 00:145c 4611686019106210071      /nix/store/026hln0aq1hyshaxsdvhg0kmcm6yf45r-zlib-1.2.13/lib/libz.so.1.2.13
7faea796b000-7faea796c000 r--p 0001b000 00:145c 4611686019106210071      /nix/store/026hln0aq1hyshaxsdvhg0kmcm6yf45r-zlib-1.2.13/lib/libz.so.1.2.13
7faea796c000-7faea796d000 rw-p 0001c000 00:145c 4611686019106210071      /nix/store/026hln0aq1hyshaxsdvhg0kmcm6yf45r-zlib-1.2.13/lib/libz.so.1.2.13
7faea796d000-7faea796f000 rw-p 00000000 00:00 0 
7faea796f000-7faea7971000 r--p 00000000 00:145c 4611686019027979912      /nix/store/4nlgxhb09sdr51nc9hdm8az5b08vzkgx-glibc-2.35-163/lib/ld-linux-x86-64.so.2
7faea7971000-7faea7998000 r-xp 00002000 00:145c 4611686019027979912      /nix/store/4nlgxhb09sdr51nc9hdm8az5b08vzkgx-glibc-2.35-163/lib/ld-linux-x86-64.so.2
7faea7998000-7faea79a4000 r--p 00029000 00:145c 4611686019027979912      /nix/store/4nlgxhb09sdr51nc9hdm8az5b08vzkgx-glibc-2.35-163/lib/ld-linux-x86-64.so.2
7faea79a4000-7faea79a6000 r--p 00034000 00:145c 4611686019027979912      /nix/store/4nlgxhb09sdr51nc9hdm8az5b08vzkgx-glibc-2.35-163/lib/ld-linux-x86-64.so.2
7faea79a6000-7faea79a8000 rw-p 00036000 00:145c 4611686019027979912      /nix/store/4nlgxhb09sdr51nc9hdm8az5b08vzkgx-glibc-2.35-163/lib/ld-linux-x86-64.so.2
7ffd8652f000-7ffd86553000 rw-p 00000000 00:00 0                          [stack]
7ffd86588000-7ffd8658c000 r--p 00000000 00:00 0                          [vvar]
7ffd8658c000-7ffd8658e000 r-xp 00000000 00:00 0                          [vdso]
ffffffffff600000-ffffffffff601000 --xp 00000000 00:00 0                  [vsyscall]


VM Arguments:
jvm_args: -XX:ThreadPriorityPolicy=1 -XX:+UnlockExperimentalVMOptions -XX:+EnableJVMCIProduct -XX:JVMCIThreadsPerNativeLibraryRuntime=1 -XX:-UnlockExperimentalVMOptions -Declipse.application=org.eclipse.jdt.ls.core.id1 -Dosgi.bundles.defaultStartLevel=4 -Declipse.product=org.eclipse.jdt.ls.core.product -Dlog.level=ALL -Xverify:none -XX:+UseParallelGC -XX:GCTimeRatio=4 -XX:AdaptiveSizePolicyWeight=90 -Dsun.zip.disableMemoryMapping=true -Xmx512m -Xms100m 
java_command: /nix/store/m6gcpi1ii6rghy04cjwjddcavv7i90df-jdt-language-server-1.9.0/share/java/plugins/org.eclipse.equinox.launcher_1.6.400.v20210924-0641.jar --add-modules=ALL-SYSTEM --add-opens java.base/java.util=ALL-UNNAMED --add-opens java.base/java.lang=ALL-UNNAMED -configuration /home/runner/.cache/jdt-language-server/config -data /home/runner/.cache/jdt-language-server/data/home/runner/pep-revision-2023
java_class_path (initial): /nix/store/m6gcpi1ii6rghy04cjwjddcavv7i90df-jdt-language-server-1.9.0/share/java/plugins/org.eclipse.equinox.launcher_1.6.400.v20210924-0641.jar
Launcher Type: SUN_STANDARD

[Global flags]
    uintx AdaptiveSizePolicyWeight                 = 90                                        {product} {command line}
     intx CICompilerCount                          = 2                                         {product} {ergonomic}
     bool EnableJVMCIProduct                       = true                                {JVMCI product} {jimage}
    uintx GCTimeRatio                              = 4                                         {product} {command line}
   size_t InitialHeapSize                          = 104857600                                 {product} {command line}
     uint JVMCIThreadsPerNativeLibraryRuntime      = 1                                   {JVMCI product} {jimage}
   size_t MaxHeapSize                              = 536870912                                 {product} {command line}
   size_t MaxNewSize                               = 178782208                                 {product} {ergonomic}
   size_t MinHeapDeltaBytes                        = 524288                                    {product} {ergonomic}
   size_t MinHeapSize                              = 104857600                                 {product} {command line}
   size_t NewSize                                  = 34603008                                  {product} {ergonomic}
    uintx NonNMethodCodeHeapSize                   = 5826188                                {pd product} {ergonomic}
    uintx NonProfiledCodeHeapSize                  = 122916026                              {pd product} {ergonomic}
   size_t OldSize                                  = 70254592                                  {product} {ergonomic}
    uintx ProfiledCodeHeapSize                     = 122916026                              {pd product} {ergonomic}
    uintx ReservedCodeCacheSize                    = 251658240                              {pd product} {ergonomic}
     bool SegmentedCodeCache                       = true                                      {product} {ergonomic}
   size_t SoftMaxHeapSize                          = 536870912                              {manageable} {ergonomic}
     intx ThreadPriorityPolicy                     = 1                                         {product} {jimage}
     bool UseCompressedClassPointers               = true                           {product lp64_product} {ergonomic}
     bool UseCompressedOops                        = true                           {product lp64_product} {ergonomic}
     bool UseParallelGC                            = true                                      {product} {command line}

Logging:
Log output configuration:
 #0: stdout all=warning uptime,level,tags
 #1: stderr all=off uptime,level,tags

Environment Variables:
JAVA_HOME=/nix/store/gpxl5qgg8kicmcvivwmybwjlpf7wh20l-graalvm17-ce-22.3.0
PATH=/nix/store/1d6ian3r8kdzspw8hacjhl3xkp40g1lj-binutils-wrapper-2.39/bin:/nix/store/dq0xwmsk1g0i2ayg6pb7y87na2knzylh-gcc-wrapper-11.3.0/bin:/nix/store/bap4d0lpcrhpwmpb8ayjcgkmvfj62lnq-bash-interactive-5.1-p16/bin:/nix/store/pr5n59mb4jzmfx6kanwxly0l07p861fg-patchelf-0.15.0/bin:/nix/store/1gf2flfqnpqbr1b4p4qz2f72y42bs56r-gcc-11.3.0/bin:/nix/store/57xv61c5zi8pphjbcwxxjlgc34p61ic9-glibc-2.35-163-bin/bin:/nix/store/a7gvj343m05j2s32xcnwr35v31ynlypr-coreutils-9.1/bin:/nix/store/039g378vc3pc3dvi9dzdlrd0i4q93qwf-binutils-2.39/bin:/nix/store/gpxl5qgg8kicmcvivwmybwjlpf7wh20l-graalvm17-ce-22.3.0/bin:/nix/store/6z9ag3ihc8mq2hzsw48lhbznvzny65nz-apache-maven-3.8.6/bin:/nix/store/m6gcpi1ii6rghy04cjwjddcavv7i90df-jdt-language-server-1.9.0/bin:/nix/store/84xs5alhs01zrbr4ywm05kxbjbp5590l-java-debug/bin:/nix/store/mydc6f4k2z73xlcz7ilif3v2lcaiqvza-findutils-4.9.0/bin:/nix/store/j9p3g8472iijd50vhdprx0nmk2fqn5gv-diffutils-3.8/bin:/nix/store/89zs7rms6x00xfq4dq6m7mjnhkr8a6r4-gnused-4.8/bin:/nix/store/86bp03jkmsl6f92w0yzg4s59g5mhxwmy-gnugrep-3.7/bin:/nix/store/hwcdqw4jrjnd37wxqgsd47hd0j8bnj09-gawk-5.1.1/bin:/nix/store/cfbhw8r8ags41vwqaz47r583d0p4h4a1-gnutar-1.34/bin:/nix/store/p3m1ndl1lapwrlh698bnb5lvvxh67378-gzip-1.12/bin:/nix/store/a8mhcagrsly7c7mpjrpsnaahk4aax056-bzip2-1.0.8-bin/bin:/nix/store/mblgz65m3zv9x548a3d5m96fj2pbwr09-gnumake-4.3/bin:/nix/store/dsd5gz46hdbdk2rfdimqddhq6m8m8fqs-bash-5.1-p16/bin:/nix/store/v7ljksji50mg3w61dykaa3n3y79n6nil-patch-2.7.6/bin:/nix/store/zlcnmqq14jz5x9439jf937mvayyl63da-xz-5.2.7-bin/bin:/nix/store/y6aj732zm9m87c82fpvf103a1xb22blp-file-5.43/bin:/nix/store/sgqd0ajghcv2axfl1lad0b1alyavp0dc-prybar-elisp-0.0.0-67f7a00/bin:/nix/store/p3hsvljpgs68jqwar41lc0jqhjj734lf-prybar-lua-0.0.0-67f7a00/bin:/nix/store/qzxs2gybds3s9kb1vkaflpgm2nwr85fh-prybar-python3-0.0.0-67f7a00/bin:/nix/store/km94z9mxp8w4m8gxxp5mbfpdf3nkfvd8-prybar-sqlite-0.0.0-67f7a00/bin:/nix/store/2pnc7b76asw0z59c4l6h6qy8arwqrii1-prybar-tcl-0.0.0-67f7a00/bin:/nix/store/hpbvrlwd5viqmvcaisb3x0118i913a9n-st
LD_LIBRARY_PATH=/nix/store/a4pff549sk2idnkpzk5nsfps3mdkdnvm-cups-2.4.2-lib/lib:/nix/store/72mqxxhh3cy5yifh92wh2yb8cl2hikyy-cairo-1.16.0/lib:/nix/store/2k366jrbsra97gjfxwvrhvixjfxdach5-glib-2.74.1/lib:/nix/store/2j2znigd8ak37rlwh9khz0ry3clqlw1l-gtk+3-3.24.34/lib:/nix/store/hisqvx32cd57apbpcsnkpx6k3549wql1-libglvnd-1.4.0/lib:/nix/store/p36pgcv991mq5srvg765b78yqpxvk3qs-mesa-21.3.3-drivers/lib:/nix/store/mav4251if1ahjq5vkpwycyyvnmy459c4-pulseaudio-14.2/lib
DISPLAY=:0
LANG=en_US.UTF-8

Signal Handlers:
   SIGSEGV: crash_handler in libjvm.so, mask=11100100010111111101111111111110, flags=SA_RESTART|SA_SIGINFO
    SIGBUS: crash_handler in libjvm.so, mask=11100100010111111101111111111110, flags=SA_RESTART|SA_SIGINFO
    SIGFPE: crash_handler in libjvm.so, mask=11100100010111111101111111111110, flags=SA_RESTART|SA_SIGINFO
   SIGPIPE: IsolateEnterStub_IgnoreSIGPIPEStartupHook_noopSignalHandler_8f19bff2f35b5f630d83b364d6b2339320d4ec70_216e8361c6bc87a8f89f58cc10d3b2fd4415bf87 in libjvmcicompiler.so, mask=00000000000000000000000000000000, flags=SA_RESTART
  *** Handler was modified!
  *** Expected: javaSignalHandler in libjvm.so, mask=11100100110111111111111111111110, flags=SA_RESTART|SA_SIGINFO
   SIGXFSZ: javaSignalHandler in libjvm.so, mask=11100100010111111101111111111110, flags=SA_RESTART|SA_SIGINFO
    SIGILL: crash_handler in libjvm.so, mask=11100100010111111101111111111110, flags=SA_RESTART|SA_SIGINFO
   SIGUSR2: SR_handler in libjvm.so, mask=00000000000000000000000000000000, flags=SA_RESTART|SA_SIGINFO
    SIGHUP: UserHandler in libjvm.so, mask=11100100010111111101111111111110, flags=SA_RESTART|SA_SIGINFO
    SIGINT: UserHandler in libjvm.so, mask=11100100010111111101111111111110, flags=SA_RESTART|SA_SIGINFO
   SIGTERM: UserHandler in libjvm.so, mask=11100100010111111101111111111110, flags=SA_RESTART|SA_SIGINFO
   SIGQUIT: UserHandler in libjvm.so, mask=11100100010111111101111111111110, flags=SA_RESTART|SA_SIGINFO
  *** Handler was modified!
  *** Expected: javaSignalHandler in libjvm.so, mask=11100100110111111111111111111110, flags=SA_RESTART|SA_SIGINFO
   SIGTRAP: crash_handler in libjvm.so, mask=11100100010111111101111111111110, flags=SA_RESTART|SA_SIGINFO


---------------  S Y S T E M  ---------------

OS:
DISTRIB_ID=Ubuntu
DISTRIB_RELEASE=20.04
DISTRIB_CODENAME=focal
DISTRIB_DESCRIPTION="Ubuntu 20.04.2 LTS"
uname: Linux 5.15.0-1029-gcp #36~20.04.1-Ubuntu SMP Tue Jan 24 16:54:15 UTC 2023 x86_64
OS uptime: 0 days 22:23 hours
libc: glibc 2.35 NPTL 2.35 
rlimit (soft/hard): STACK 8192k/infinity , CORE infinity/infinity , NPROC infinity/infinity , NOFILE 5242/5242 , AS infinity/infinity , CPU infinity/infinity , DATA infinity/infinity , FSIZE infinity/infinity , MEMLOCK 64k/64k
load average: 3.99 3.17 2.97

/proc/meminfo:
MemTotal:       32872708 kB
MemFree:         8163132 kB
MemAvailable:   24042172 kB
Buffers:         1972816 kB
Cached:         13041132 kB
SwapCached:            0 kB
Active:          6964312 kB
Inactive:       14584096 kB
Active(anon):      12372 kB
Inactive(anon):  6349924 kB
Active(file):    6951940 kB
Inactive(file):  8234172 kB
Unevictable:       43148 kB
Mlocked:           43148 kB
SwapTotal:             0 kB
SwapFree:              0 kB
Dirty:              4268 kB
Writeback:             0 kB
AnonPages:       6233116 kB
Mapped:          1331988 kB
Shmem:             30284 kB
KReclaimable:    1187436 kB
Slab:            2426500 kB
SReclaimable:    1187436 kB
SUnreclaim:      1239064 kB
KernelStack:      359256 kB
PageTables:        82504 kB
NFS_Unstable:          0 kB
Bounce:                0 kB
WritebackTmp:          0 kB
CommitLimit:    16436352 kB
Committed_AS:   35667360 kB
VmallocTotal:   34359738367 kB
VmallocUsed:      395928 kB
VmallocChunk:          0 kB
Percpu:            28624 kB
HardwareCorrupted:     0 kB
AnonHugePages:    249856 kB
ShmemHugePages:        0 kB
ShmemPmdMapped:        0 kB
FileHugePages:         0 kB
FilePmdMapped:         0 kB
HugePages_Total:       0
HugePages_Free:        0
HugePages_Rsvd:        0
HugePages_Surp:        0
Hugepagesize:       2048 kB
Hugetlb:               0 kB
DirectMap4k:     3504960 kB
DirectMap2M:    27949056 kB
DirectMap1G:     4194304 kB

/sys/kernel/mm/transparent_hugepage/enabled: always [madvise] never
/sys/kernel/mm/transparent_hugepage/defrag (defrag/compaction efforts parameter): always defer defer+madvise [madvise] never

Process Memory:
Virtual Size: 3865820K (peak: 3921856K)
Resident Set Size: 768056K (peak: 801424K) (anon: 570932K, file: 197124K, shmem: 0K)
Swapped out: 0K
C-Heap outstanding allocations: 40350K, retained: 9585K
glibc malloc tunables: (default)

/proc/sys/kernel/threads-max (system-wide limit on the number of threads): 256750
/proc/sys/vm/max_map_count (maximum number of memory map areas a process may have): 65530
/proc/sys/kernel/pid_max (system-wide limit on number of process identifiers): 4194304

container (cgroup) information:
container_type: cgroupv1
cpu_cpuset_cpus: 1-3
cpu_memory_nodes: 0
active_processor_count: 1
cpu_quota: 50000
cpu_period: 100000
cpu_shares: 512
memory_limit_in_bytes: 1048576 k
memory_and_swap_limit_in_bytes: 1048576 k
memory_soft_limit_in_bytes: 524288 k
memory_usage_in_bytes: 618512 k
memory_max_usage_in_bytes: 648804 k
maximum number of tasks: 1000
current number of tasks: 47

KVM virtualization detected
Steal ticks since vm start: 0
Steal ticks percentage since vm start:  0.000

CPU: total 4 (initial active 1) (4 cores per cpu, 2 threads per core) family 25 model 1 stepping 0 microcode 0xffffffff, cx8, cmov, fxsr, ht, mmx, 3dnowpref, sse, sse2, sse3, ssse3, sse4a, sse4.1, sse4.2, popcnt, lzcnt, tsc, tscinvbit, avx, avx2, aes, erms, clmul, bmi1, bmi2, adx, sha, fma, vzeroupper, clflush, clflushopt, hv
CPU Model and flags from /proc/cpuinfo:
model name	: AMD EPYC 7B13
flags		: fpu vme de pse tsc msr pae mce cx8 apic sep mtrr pge mca cmov pat pse36 clflush mmx fxsr sse sse2 ht syscall nx mmxext fxsr_opt pdpe1gb rdtscp lm constant_tsc rep_good nopl nonstop_tsc cpuid extd_apicid tsc_known_freq pni pclmulqdq ssse3 fma cx16 pcid sse4_1 sse4_2 movbe popcnt aes xsave avx f16c rdrand hypervisor lahf_lm cmp_legacy cr8_legacy abm sse4a misalignsse 3dnowprefetch osvw topoext invpcid_single ssbd ibrs ibpb stibp vmmcall fsgsbase tsc_adjust bmi1 avx2 smep bmi2 erms invpcid rdseed adx smap clflushopt clwb sha_ni xsaveopt xsavec xgetbv1 clzero xsaveerptr arat npt nrip_save umip vaes vpclmulqdq rdpid fsrm

Online cpus: 0-3
Offline cpus: 
BIOS frequency limitation: <Not Available>
Frequency switch latency (ns): <Not Available>
Available cpu frequencies: <Not Available>
Current governor: <Not Available>
Core performance/turbo boost: <Not Available>

Memory: 4k page, physical 1048576k(430056k free), swap 0k(0k free)
Page Sizes: 4k

vm_info: OpenJDK 64-Bit Server VM (17.0.5+8-jvmci-22.3-b08) for linux-amd64 JRE (17.0.5+8-jvmci-22.3-b08), built on Oct 19 2022 09:01:27 by "buildslave" with gcc 10.3.0

END.
